[ 2015-11-20T13:36:16+08:00 ] ::1 /Cancer/hospital/index.php/Admin/Manager/changepassword
ERR: Syntax Error in template "D:/xampp/htdocs/Cancer/hospital/Admin/View\Manager\changepassword.html"  on line 29 "$(&quot;#password&quot;).formValidator({ &lt; gt name = &quot;info.id&quot; value = &quot;0&quot; &gt; empty:true, &lt; /gt&gt;onshow:&quot;请输入密码&quot;,onfocus:&quot;至少6个长度&quot;,oncorrect:&quot;密码合法&quot;}).inputValidator({min:6,empty:{leftempty:false,rightempty:false,emptyerror:&quot;密码两边不能有空符号&quot;},onerror:&quot;密码不能为空,请确认&quot;});"  - Unexpected ":", expected one of: "}" , " "

[ 2015-11-20T13:37:02+08:00 ] ::1 /Cancer/hospital/index.php/Admin/Manager/changepassword
ERR: Syntax Error in template "D:/xampp/htdocs/Cancer/hospital/Admin/View\Manager\changepassword.html"  on line 29 "$(&quot;#password&quot;).formValidator({ &lt; gt name = &quot;info.id&quot; value = &quot;0&quot; &gt; empty:true, &lt; /gt&gt;onshow:&quot;请输入密码&quot;,onfocus:&quot;至少6个长度&quot;,oncorrect:&quot;密码合法&quot;}).inputValidator({min:6,empty:{leftempty:false,rightempty:false,emptyerror:&quot;密码两边不能有空符号&quot;},onerror:&quot;密码不能为空,请确认&quot;});"  - Unexpected ":", expected one of: "}" , " "

[ 2015-11-20T13:37:07+08:00 ] ::1 /Cancer/hospital/index.php/Admin/Manager/changepassword
ERR: Syntax Error in template "D:/xampp/htdocs/Cancer/hospital/Admin/View\Manager\changepassword.html"  on line 29 "$(&quot;#password&quot;).formValidator({ &lt; gt name = &quot;info.id&quot; value = &quot;0&quot; &gt; empty:true, &lt; /gt&gt;onshow:&quot;请输入密码&quot;,onfocus:&quot;至少6个长度&quot;,oncorrect:&quot;密码合法&quot;}).inputValidator({min:6,empty:{leftempty:false,rightempty:false,emptyerror:&quot;密码两边不能有空符号&quot;},onerror:&quot;密码不能为空,请确认&quot;});"  - Unexpected ":", expected one of: "}" , " "

[ 2015-11-20T13:41:56+08:00 ] ::1 /Cancer/hospital/index.php/Admin/Manager/changepassword
ERR: Syntax Error in template "D:/xampp/htdocs/Cancer/hospital/Admin/View\Manager\changepassword.html"  on line 29 "$(&quot;#password&quot;).formValidator({ &lt; gt name = &quot;info.id&quot; value = &quot;0&quot; &gt; empty:true, &lt; /gt&gt;onshow:&quot;请输入密码&quot;,onfocus:&quot;至少6个长度&quot;,oncorrect:&quot;密码合法&quot;}).inputValidator({min:6,empty:{leftempty:false,rightempty:false,emptyerror:&quot;密码两边不能有空符号&quot;},onerror:&quot;密码不能为空,请确认&quot;});"  - Unexpected ":", expected one of: "}" , " "

[ 2015-11-20T14:06:04+08:00 ] ::1 /Cancer/hospital/index.php/Admin/Manager/changepassword
ERR: Think\Controller:diaplay方法不存在！

[ 2015-11-20T14:15:36+08:00 ] ::1 /Cancer/hospital/index.php/Admin/Manager/updatepassword
ERR: Unable to load template file 'tdocs\Cancer\ThinkPHP/Tpl/dispatch_jump.tpl'

[ 2015-11-20T14:15:45+08:00 ] ::1 /Cancer/hospital/index.php/Admin/Manager/updatepassword
ERR: Unable to load template file 'tdocs\Cancer\ThinkPHP/Tpl/dispatch_jump.tpl'

[ 2015-11-20T14:16:13+08:00 ] ::1 /Cancer/hospital/index.php/Admin/Manager/updatepassword/
ERR: Unable to load template file 'tdocs\Cancer\ThinkPHP/Tpl/dispatch_jump.tpl'

[ 2015-11-20T14:18:04+08:00 ] ::1 /Cancer/hospital/index.php/Admin/Manager/updatepassword.html/
ERR: Unable to load template file 'tdocs\Cancer\ThinkPHP/Tpl/dispatch_jump.tpl'

[ 2015-11-20T14:20:49+08:00 ] ::1 /Cancer/hospital/index.php/Admin/Manager/updatepassword/
ERR: Unable to load template file 'tdocs\Cancer\ThinkPHP/Tpl/dispatch_jump.tpl'

[ 2015-11-20T14:21:20+08:00 ] ::1 /Cancer/hospital/index.php/Admin/Manager/updatepassword/
ERR: Unable to load template file 'tdocs\Cancer\ThinkPHP/Tpl/dispatch_jump.tpl'

[ 2015-11-20T14:47:12+08:00 ] ::1 /Cancer/hospital/index.php/Admin/Manager/updatepassword/
ERR: Unable to load template file 'tdocs\Cancer\ThinkPHP/Tpl/dispatch_jump.tpl'

[ 2015-11-20T15:02:09+08:00 ] ::1 /Cancer/hospital/index.php/Admin/Manager/changepassword
ERR: Unable to load template file 'tdocs\Cancer\ThinkPHP/Tpl/dispatch_jump.tpl'

[ 2015-11-20T15:02:16+08:00 ] ::1 /Cancer/hospital/index.php/Admin/Manager/changepassword
ERR: Unable to load template file 'tdocs\Cancer\ThinkPHP/Tpl/dispatch_jump.tpl'

[ 2015-11-20T15:04:08+08:00 ] ::1 /Cancer/hospital/index.php/Admin/Manager/changepassword
ERR: Unable to load template file 'tdocs\Cancer\ThinkPHP/Tpl/dispatch_jump.tpl'

[ 2015-11-20T15:09:38+08:00 ] ::1 /Cancer/hospital/index.php/Home/Works/step1.css
ERR: 非法操作:step1.css

[ 2015-11-20T15:09:38+08:00 ] ::1 /Cancer/hospital/index.php/Home/Works/step2.css
ERR: 非法操作:step2.css

[ 2015-11-20T15:09:38+08:00 ] ::1 /Cancer/hospital/index.php/Home/Works/step4.css
ERR: 非法操作:step4.css

[ 2015-11-20T15:09:39+08:00 ] ::1 /Cancer/hospital/index.php/Home/Works/step1.css
ERR: 非法操作:step1.css

[ 2015-11-20T15:09:39+08:00 ] ::1 /Cancer/hospital/index.php/Home/Works/step2.css
ERR: 非法操作:step2.css

[ 2015-11-20T15:09:39+08:00 ] ::1 /Cancer/hospital/index.php/Home/Works/step4.css
ERR: 非法操作:step4.css

[ 2015-11-20T15:10:53+08:00 ] ::1 /Cancer/hospital/index.php/Home/Works/treatmentproposal.css
ERR: 非法操作:treatmentproposal.css

[ 2015-11-20T15:10:56+08:00 ] ::1 /Cancer/hospital/index.php/Home/Works/step1.css
ERR: 非法操作:step1.css

[ 2015-11-20T15:10:56+08:00 ] ::1 /Cancer/hospital/index.php/Home/Works/step4.css
ERR: 非法操作:step4.css

[ 2015-11-20T15:10:56+08:00 ] ::1 /Cancer/hospital/index.php/Home/Works/step2.css
ERR: 非法操作:step2.css

[ 2015-11-20T15:10:56+08:00 ] ::1 /Cancer/hospital/index.php/Home/Works/step4.css
ERR: 非法操作:step4.css

[ 2015-11-20T16:37:14+08:00 ] ::1 /Cancer/hospital/index.php/Home/Works/treatmentproposal.css
ERR: 非法操作:treatmentproposal.css

[ 2015-11-20T16:37:15+08:00 ] ::1 /Cancer/hospital/index.php/Home/Works/step1.css
ERR: 非法操作:step1.css

[ 2015-11-20T16:37:15+08:00 ] ::1 /Cancer/hospital/index.php/Home/Works/step2.css
ERR: 非法操作:step2.css

[ 2015-11-20T16:37:15+08:00 ] ::1 /Cancer/hospital/index.php/Home/Works/step4.css
ERR: 非法操作:step4.css

[ 2015-11-20T16:37:19+08:00 ] ::1 /Cancer/hospital/index.php/Home/Works/step1.css
ERR: 非法操作:step1.css

[ 2015-11-20T16:37:19+08:00 ] ::1 /Cancer/hospital/index.php/Home/Works/step4.css
ERR: 非法操作:step4.css

[ 2015-11-20T16:37:19+08:00 ] ::1 /Cancer/hospital/index.php/Home/Works/step2.css
ERR: 非法操作:step2.css

[ 2015-11-20T16:37:19+08:00 ] ::1 /Cancer/hospital/index.php/Home/Works/treatmentproposal.css
ERR: 非法操作:treatmentproposal.css

[ 2015-11-20T16:37:19+08:00 ] ::1 /Cancer/hospital/index.php/Home/Works/step1.css
ERR: 非法操作:step1.css

[ 2015-11-20T16:37:19+08:00 ] ::1 /Cancer/hospital/index.php/Home/Works/step2.css
ERR: 非法操作:step2.css

[ 2015-11-20T16:37:19+08:00 ] ::1 /Cancer/hospital/index.php/Home/Works/step4.css
ERR: 非法操作:step4.css

[ 2015-11-20T16:37:27+08:00 ] ::1 /Cancer/hospital/index.php/Home/Works/treatmentproposal.css
ERR: 非法操作:treatmentproposal.css

[ 2015-11-20T16:37:36+08:00 ] ::1 /Cancer/hospital/index.php/Home/Works/step2.css
ERR: 非法操作:step2.css

[ 2015-11-20T16:37:36+08:00 ] ::1 /Cancer/hospital/index.php/Home/Works/step4.css
ERR: 非法操作:step4.css

[ 2015-11-20T16:37:36+08:00 ] ::1 /Cancer/hospital/index.php/Home/Works/step1.css
ERR: 非法操作:step1.css

[ 2015-11-20T16:37:36+08:00 ] ::1 /Cancer/hospital/index.php/Home/Works/step4.css
ERR: 非法操作:step4.css

[ 2015-11-20T16:42:50+08:00 ] ::1 /Cancer/hospital/index.php/Home/Works/step4.css
ERR: 非法操作:step4.css

[ 2015-11-20T16:42:50+08:00 ] ::1 /Cancer/hospital/index.php/Home/Works/step2.css
ERR: 非法操作:step2.css

[ 2015-11-20T16:42:50+08:00 ] ::1 /Cancer/hospital/index.php/Home/Works/step1.css
ERR: 非法操作:step1.css

[ 2015-11-20T16:42:50+08:00 ] ::1 /Cancer/hospital/index.php/Home/Works/step4.css
ERR: 非法操作:step4.css

[ 2015-11-20T16:42:50+08:00 ] ::1 /Cancer/hospital/index.php/Home/Works/treatmentproposal.css
ERR: 非法操作:treatmentproposal.css

[ 2015-11-20T16:42:51+08:00 ] ::1 /Cancer/hospital/index.php/Home/Works/viewreport.css
ERR: 非法操作:viewreport.css

[ 2015-11-20T16:42:52+08:00 ] ::1 /Cancer/hospital/index.php/Home/Works/treatmentproposal.css
ERR: 非法操作:treatmentproposal.css

[ 2015-11-20T16:42:53+08:00 ] ::1 /Cancer/hospital/index.php/Home/Works/step2.css
ERR: 非法操作:step2.css

[ 2015-11-20T16:42:53+08:00 ] ::1 /Cancer/hospital/index.php/Home/Works/step1.css
ERR: 非法操作:step1.css

[ 2015-11-20T16:42:53+08:00 ] ::1 /Cancer/hospital/index.php/Home/Works/step4.css
ERR: 非法操作:step4.css

[ 2015-11-20T16:56:00+08:00 ] ::1 /Cancer/hospital/index.php/Home/Works/step4.css
ERR: 非法操作:step4.css

[ 2015-11-20T16:56:00+08:00 ] ::1 /Cancer/hospital/index.php/Home/Works/step1.css
ERR: 非法操作:step1.css

[ 2015-11-20T16:56:00+08:00 ] ::1 /Cancer/hospital/index.php/Home/Works/step2.css
ERR: 非法操作:step2.css

[ 2015-11-20T16:56:00+08:00 ] ::1 /Cancer/hospital/index.php/Home/Works/step4.css
ERR: 非法操作:step4.css

[ 2015-11-20T16:56:01+08:00 ] ::1 /Cancer/hospital/index.php/Home/Works/treatmentproposal.css
ERR: 非法操作:treatmentproposal.css

[ 2015-11-20T16:56:02+08:00 ] ::1 /Cancer/hospital/index.php/Home/Works/viewreport.css
ERR: 非法操作:viewreport.css

[ 2015-11-20T16:56:02+08:00 ] ::1 /Cancer/hospital/index.php/Home/Works/queryinformation.html
ERR: 非法操作:queryinformation

[ 2015-11-20T16:56:03+08:00 ] ::1 /Cancer/hospital/index.php/Home/Works/queryreferencedata.css
ERR: 非法操作:queryreferencedata.css

[ 2015-11-20T16:56:03+08:00 ] ::1 /Cancer/hospital/index.php/Home/Works/patientconsultation.html
ERR: 非法操作:patientconsultation

[ 2015-11-20T16:56:09+08:00 ] ::1 /Cancer/hospital/index.php/Home/Works/step4.css
ERR: 非法操作:step4.css

[ 2015-11-20T16:56:09+08:00 ] ::1 /Cancer/hospital/index.php/Home/Works/step1.css
ERR: 非法操作:step1.css

[ 2015-11-20T16:56:09+08:00 ] ::1 /Cancer/hospital/index.php/Home/Works/step2.css
ERR: 非法操作:step2.css

[ 2015-11-20T16:56:09+08:00 ] ::1 /Cancer/hospital/index.php/Home/Works/step4.css
ERR: 非法操作:step4.css

[ 2015-11-20T16:56:10+08:00 ] ::1 /Cancer/hospital/index.php/Home/Works/treatmentproposal.css
ERR: 非法操作:treatmentproposal.css

[ 2015-11-20T16:57:23+08:00 ] ::1 /Cancer/hospital/index.php/Home/Works/step1.css
ERR: 非法操作:step1.css

[ 2015-11-20T16:57:23+08:00 ] ::1 /Cancer/hospital/index.php/Home/Works/step2.css
ERR: 非法操作:step2.css

[ 2015-11-20T16:57:23+08:00 ] ::1 /Cancer/hospital/index.php/Home/Works/step4.css
ERR: 非法操作:step4.css

[ 2015-11-20T16:57:29+08:00 ] ::1 /Cancer/hospital/index.php/Home/Works/step1.css
ERR: 非法操作:step1.css

[ 2015-11-20T16:57:29+08:00 ] ::1 /Cancer/hospital/index.php/Home/Works/step4.css
ERR: 非法操作:step4.css

[ 2015-11-20T16:57:29+08:00 ] ::1 /Cancer/hospital/index.php/Home/Works/step2.css
ERR: 非法操作:step2.css

[ 2015-11-20T16:57:29+08:00 ] ::1 /Cancer/hospital/index.php/Home/Works/step4.css
ERR: 非法操作:step4.css

[ 2015-11-20T17:05:43+08:00 ] ::1 /Cancer/hospital/index.php/Home/Works/viewreport.css
ERR: 非法操作:viewreport.css

[ 2015-11-20T17:07:13+08:00 ] ::1 /Cancer/hospital/index.php/Home/Works/treatmentproposal.css
ERR: 非法操作:treatmentproposal.css

[ 2015-11-20T17:07:14+08:00 ] ::1 /Cancer/hospital/index.php/Home/Works/step2.css
ERR: 非法操作:step2.css

[ 2015-11-20T17:07:14+08:00 ] ::1 /Cancer/hospital/index.php/Home/Works/step4.css
ERR: 非法操作:step4.css

[ 2015-11-20T17:07:14+08:00 ] ::1 /Cancer/hospital/index.php/Home/Works/step1.css
ERR: 非法操作:step1.css

[ 2015-11-20T17:07:14+08:00 ] ::1 /Cancer/hospital/index.php/Home/Works/step4.css
ERR: 非法操作:step4.css

[ 2015-11-20T17:13:13+08:00 ] ::1 /Cancer/hospital/index.php/Home/Works/step1.css
ERR: 非法操作:step1.css

[ 2015-11-20T17:13:13+08:00 ] ::1 /Cancer/hospital/index.php/Home/Works/step4.css
ERR: 非法操作:step4.css

[ 2015-11-20T17:13:13+08:00 ] ::1 /Cancer/hospital/index.php/Home/Works/step2.css
ERR: 非法操作:step2.css

[ 2015-11-20T17:13:13+08:00 ] ::1 /Cancer/hospital/index.php/Home/Works/step4.css
ERR: 非法操作:step4.css

[ 2015-11-20T17:13:13+08:00 ] ::1 /Cancer/hospital/index.php/Home/Works/treatmentproposal.css
ERR: 非法操作:treatmentproposal.css

[ 2015-11-20T17:13:15+08:00 ] ::1 /Cancer/hospital/index.php/Home/Works/viewreport.css
ERR: 非法操作:viewreport.css

[ 2015-11-20T17:17:01+08:00 ] ::1 /Cancer/hospital/index.php/Home/Works/treatmentproposal.css
ERR: 非法操作:treatmentproposal.css

[ 2015-11-20T17:17:01+08:00 ] ::1 /Cancer/hospital/index.php/Home/Works/step4.css
ERR: 非法操作:step4.css

[ 2015-11-20T17:17:01+08:00 ] ::1 /Cancer/hospital/index.php/Home/Works/step1.css
ERR: 非法操作:step1.css

[ 2015-11-20T17:17:01+08:00 ] ::1 /Cancer/hospital/index.php/Home/Works/step2.css
ERR: 非法操作:step2.css

[ 2015-11-20T17:17:01+08:00 ] ::1 /Cancer/hospital/index.php/Home/Works/step4.css
ERR: 非法操作:step4.css

[ 2015-11-20T18:23:07+08:00 ] ::1 /Cancer/hospital/index.php/Home/User/logout
ERR: 模板不存在:D:/xampp/htdocs/Cancer/hospital/Home/View/./Done.html.html

[ 2015-11-20T19:07:31+08:00 ] ::1 /Cancer/hospital/index.php/Home/User/logout
ERR: 模板不存在:D:/xampp/htdocs/Cancer/hospital/Home/View/User/logout.html

