[ 2015-12-17T09:40:23+08:00 ] ::1 /Cancer/hospital/index.php/Home/login.html
ERR: 无法加载控制器:Login

[ 2015-12-17T09:56:51+08:00 ] ::1 /Cancer/hospital/index.php/Home/Works/step1.css
ERR: 非法操作:step1.css

[ 2015-12-17T09:56:53+08:00 ] ::1 /Cancer/hospital/index.php/Home/Works/step1.css
ERR: 非法操作:step1.css

[ 2015-12-17T09:56:56+08:00 ] ::1 /Cancer/hospital/index.php/Home/Works/step1.css
ERR: 非法操作:step1.css

[ 2015-12-17T09:56:57+08:00 ] ::1 /Cancer/hospital/index.php/Home/Works/step1.css
ERR: 非法操作:step1.css

[ 2015-12-17T09:56:58+08:00 ] ::1 /Cancer/hospital/index.php/Home/Works/step1.css
ERR: 非法操作:step1.css

[ 2015-12-17T09:56:58+08:00 ] ::1 /Cancer/hospital/index.php/Home/Works/step1.css
ERR: 非法操作:step1.css

[ 2015-12-17T09:57:00+08:00 ] ::1 /Cancer/hospital/index.php/Home/Works/step1.css
ERR: 非法操作:step1.css

[ 2015-12-17T09:57:01+08:00 ] ::1 /Cancer/hospital/index.php/Home/Works/step1.css
ERR: 非法操作:step1.css

[ 2015-12-17T09:57:02+08:00 ] ::1 /Cancer/hospital/index.php/Home/Works/step1.css
ERR: 非法操作:step1.css

[ 2015-12-17T09:57:03+08:00 ] ::1 /Cancer/hospital/index.php/Home/Works/step1.css
ERR: 非法操作:step1.css

[ 2015-12-17T09:59:14+08:00 ] ::1 /Cancer/hospital/index.php/Home/Works/step1.css
ERR: 非法操作:step1.css

[ 2015-12-17T09:59:15+08:00 ] ::1 /Cancer/hospital/index.php/Home/Works/handle_step1
ERR: 模板不存在:D:/xampp/htdocs/Cancer/hospital/Home/View/Works/handle_step1.html

[ 2015-12-17T09:59:16+08:00 ] ::1 /Cancer/hospital/index.php/Home/Works/Works/step2.html
ERR: 非法操作:Works

[ 2015-12-17T09:59:53+08:00 ] ::1 /Cancer/hospital/index.php/Home/Works/handle_step1
ERR: 模板不存在:D:/xampp/htdocs/Cancer/hospital/Home/View/Works/handle_step1.html

[ 2015-12-17T09:59:53+08:00 ] ::1 /Cancer/hospital/index.php/Home/Works/step2.css
ERR: 非法操作:step2.css

[ 2015-12-17T09:59:54+08:00 ] ::1 /Cancer/hospital/index.php/Home/Works/step2.css
ERR: 非法操作:step2.css

[ 2015-12-17T10:00:00+08:00 ] ::1 /Cancer/hospital/index.php/Home/Works/step1.css
ERR: 非法操作:step1.css

[ 2015-12-17T10:00:01+08:00 ] ::1 /Cancer/hospital/index.php/Home/Works/handle_step1
ERR: 模板不存在:D:/xampp/htdocs/Cancer/hospital/Home/View/Works/handle_step1.html

[ 2015-12-17T10:00:01+08:00 ] ::1 /Cancer/hospital/index.php/Home/Works/step2.css
ERR: 非法操作:step2.css

[ 2015-12-17T10:00:07+08:00 ] ::1 /Cancer/hospital/index.php/Home/Works/handle_step1
ERR: 模板不存在:D:/xampp/htdocs/Cancer/hospital/Home/View/Works/handle_step1.html

[ 2015-12-17T10:00:08+08:00 ] ::1 /Cancer/hospital/index.php/Home/Works/step2.css
ERR: 非法操作:step2.css

[ 2015-12-17T10:00:12+08:00 ] ::1 /Cancer/hospital/index.php/Home/Works/handle_step1
ERR: 模板不存在:D:/xampp/htdocs/Cancer/hospital/Home/View/Works/handle_step1.html

[ 2015-12-17T10:00:12+08:00 ] ::1 /Cancer/hospital/index.php/Home/Works/step2.css
ERR: 非法操作:step2.css

[ 2015-12-17T10:00:14+08:00 ] ::1 /Cancer/hospital/index.php/Home/Works/handle_step1
ERR: 模板不存在:D:/xampp/htdocs/Cancer/hospital/Home/View/Works/handle_step1.html

[ 2015-12-17T10:00:14+08:00 ] ::1 /Cancer/hospital/index.php/Home/Works/step2.css
ERR: 非法操作:step2.css

[ 2015-12-17T10:00:18+08:00 ] ::1 /Cancer/hospital/index.php/Home/Works/step1.css
ERR: 非法操作:step1.css

[ 2015-12-17T10:00:19+08:00 ] ::1 /Cancer/hospital/index.php/Home/Works/handle_step1
ERR: 模板不存在:D:/xampp/htdocs/Cancer/hospital/Home/View/Works/handle_step1.html

[ 2015-12-17T10:00:19+08:00 ] ::1 /Cancer/hospital/index.php/Home/Works/step2.css
ERR: 非法操作:step2.css

[ 2015-12-17T10:00:35+08:00 ] ::1 /Cancer/hospital/index.php/Home/Works/step2.css
ERR: 非法操作:step2.css

[ 2015-12-17T10:00:41+08:00 ] ::1 /Cancer/hospital/index.php/Home/Works/step1.css
ERR: 非法操作:step1.css

[ 2015-12-17T10:00:42+08:00 ] ::1 /Cancer/hospital/index.php/Home/Works/step2.css
ERR: 非法操作:step2.css

[ 2015-12-17T10:03:24+08:00 ] ::1 /Cancer/hospital/index.php/Home/Works/step2.css
ERR: 非法操作:step2.css

[ 2015-12-17T10:03:30+08:00 ] ::1 /Cancer/hospital/index.php/Home/Works/step1.css
ERR: 非法操作:step1.css

[ 2015-12-17T10:03:50+08:00 ] ::1 /Cancer/hospital/index.php/Home/Works/step1.css
ERR: 非法操作:step1.css

[ 2015-12-17T10:03:52+08:00 ] ::1 /Cancer/hospital/index.php/Home/Works/treatmentproposal.css
ERR: 非法操作:treatmentproposal.css

[ 2015-12-17T10:08:52+08:00 ] ::1 /Cancer/hospital/index.php/Home/Works/step1.css
ERR: 非法操作:step1.css

[ 2015-12-17T10:09:00+08:00 ] ::1 /Cancer/hospital/index.php/Home/Works/treatmentproposal.css
ERR: 非法操作:treatmentproposal.css

[ 2015-12-17T10:12:29+08:00 ] ::1 /Cancer/hospital/index.php/Home/Works/treatmentproposal.css
ERR: 非法操作:treatmentproposal.css

[ 2015-12-17T10:12:30+08:00 ] ::1 /Cancer/hospital/index.php/Home/Works/step1.css
ERR: 非法操作:step1.css

[ 2015-12-17T10:12:32+08:00 ] ::1 /Cancer/hospital/index.php/Home/Works/step2.css
ERR: 非法操作:step2.css

[ 2015-12-17T10:12:34+08:00 ] ::1 /Cancer/hospital/index.php/Home/Works/step2.css
ERR: 非法操作:step2.css

[ 2015-12-17T10:16:09+08:00 ] ::1 /Cancer/hospital/index.php/Home/Works/step1.css
ERR: 非法操作:step1.css

[ 2015-12-17T10:20:46+08:00 ] ::1 /Cancer/hospital/index.php/Home/Works/step1.css
ERR: 非法操作:step1.css

[ 2015-12-17T10:21:58+08:00 ] ::1 /Cancer/hospital/index.php/Home/Works/HOME_CSS_URL/step1.css
ERR: 非法操作:HOME_CSS_URL

[ 2015-12-17T10:29:18+08:00 ] ::1 /Cancer/hospital/index.php/Home/Works/step2.css
ERR: 非法操作:step2.css

[ 2015-12-17T10:39:53+08:00 ] ::1 /Cancer/hospital/index.php/Home/Works/step2.css
ERR: 非法操作:step2.css

[ 2015-12-17T10:41:09+08:00 ] ::1 /Cancer/hospital/index.php/Home/Works/step2.css
ERR: 非法操作:step2.css

[ 2015-12-17T10:48:14+08:00 ] ::1 /Cancer/hospital/index.php/Home/Works/step2.css
ERR: 非法操作:step2.css

[ 2015-12-17T10:49:29+08:00 ] ::1 /Cancer/hospital/index.php/Home/Works/step2.css
ERR: 非法操作:step2.css

[ 2015-12-17T10:50:19+08:00 ] ::1 /Cancer/hospital/index.php/Home/Works/step2.css
ERR: 非法操作:step2.css

[ 2015-12-17T10:50:29+08:00 ] ::1 /Cancer/hospital/index.php/Home/Works/step4.css
ERR: 非法操作:step4.css

[ 2015-12-17T10:56:53+08:00 ] ::1 /Cancer/hospital/index.php/Home/Works/step2.css
ERR: 非法操作:step2.css

[ 2015-12-17T10:57:24+08:00 ] ::1 /Cancer/hospital/index.php/Home/Works/step4.css
ERR: 非法操作:step4.css

[ 2015-12-17T10:59:20+08:00 ] ::1 /Cancer/hospital/index.php/Home/Works/handle_step5
ERR: 非法操作:handle_step5

[ 2015-12-17T11:02:50+08:00 ] ::1 /Cancer/hospital/index.php/Home/Works/treatmentproposal.css
ERR: 非法操作:treatmentproposal.css

[ 2015-12-17T11:02:51+08:00 ] ::1 /Cancer/hospital/index.php/Home/Works/viewreport.css
ERR: 非法操作:viewreport.css

[ 2015-12-17T11:02:52+08:00 ] ::1 /Cancer/hospital/index.php/Home/Works/queryinformation.html
ERR: 非法操作:queryinformation

[ 2015-12-17T11:02:53+08:00 ] ::1 /Cancer/hospital/index.php/Home/Works/queryreferencedata.css
ERR: 非法操作:queryreferencedata.css

[ 2015-12-17T11:02:54+08:00 ] ::1 /Cancer/hospital/index.php/Home/Works/patientconsultation.html
ERR: 非法操作:patientconsultation

[ 2015-12-17T11:02:55+08:00 ] ::1 /Cancer/hospital/index.php/Home/Works/queryreferencedata.css
ERR: 非法操作:queryreferencedata.css

[ 2015-12-17T11:02:56+08:00 ] ::1 /Cancer/hospital/index.php/Home/Works/queryinformation.html
ERR: 非法操作:queryinformation

[ 2015-12-17T11:02:56+08:00 ] ::1 /Cancer/hospital/index.php/Home/Works/viewreport.css
ERR: 非法操作:viewreport.css

[ 2015-12-17T11:02:57+08:00 ] ::1 /Cancer/hospital/index.php/Home/Works/treatmentproposal.css
ERR: 非法操作:treatmentproposal.css

[ 2015-12-17T12:23:53+08:00 ] ::1 /Cancer/hospital/index.php/Home/Works/treatmentproposal.css
ERR: 非法操作:treatmentproposal.css

[ 2015-12-17T12:23:54+08:00 ] ::1 /Cancer/hospital/index.php/Home/Works/viewreport.css
ERR: 非法操作:viewreport.css

[ 2015-12-17T12:23:54+08:00 ] ::1 /Cancer/hospital/index.php/Home/Works/queryinformation.html
ERR: 非法操作:queryinformation

[ 2015-12-17T12:23:55+08:00 ] ::1 /Cancer/hospital/index.php/Home/Works/queryreferencedata.css
ERR: 非法操作:queryreferencedata.css

[ 2015-12-17T12:23:55+08:00 ] ::1 /Cancer/hospital/index.php/Home/Works/patientconsultation.html
ERR: 非法操作:patientconsultation

[ 2015-12-17T12:23:56+08:00 ] ::1 /Cancer/hospital/index.php/Home/Works/queryinformation.html
ERR: 非法操作:queryinformation

[ 2015-12-17T12:23:56+08:00 ] ::1 /Cancer/hospital/index.php/Home/Works/viewreport.css
ERR: 非法操作:viewreport.css

[ 2015-12-17T12:23:57+08:00 ] ::1 /Cancer/hospital/index.php/Home/Works/treatmentproposal.css
ERR: 非法操作:treatmentproposal.css

[ 2015-12-17T12:58:30+08:00 ] ::1 /Cancer/hospital/index.php/Home/Works/treatmentproposal.css
ERR: 非法操作:treatmentproposal.css

[ 2015-12-17T14:11:26+08:00 ] ::1 /Cancer/hospital/index.php/Home/Works/treatmentproposal.css
ERR: 非法操作:treatmentproposal.css

[ 2015-12-17T14:11:27+08:00 ] ::1 /Cancer/hospital/index.php/Home/Works/viewreport.css
ERR: 非法操作:viewreport.css

[ 2015-12-17T14:11:27+08:00 ] ::1 /Cancer/hospital/index.php/Home/Works/queryinformation.html
ERR: 非法操作:queryinformation

[ 2015-12-17T14:11:28+08:00 ] ::1 /Cancer/hospital/index.php/Home/Works/viewreport.css
ERR: 非法操作:viewreport.css

[ 2015-12-17T14:11:31+08:00 ] ::1 /Cancer/hospital/index.php/Home/Works/treatmentproposal.css
ERR: 非法操作:treatmentproposal.css

[ 2015-12-17T14:11:33+08:00 ] ::1 /Cancer/hospital/index.php/Home/Works/viewreport.css
ERR: 非法操作:viewreport.css

[ 2015-12-17T14:11:33+08:00 ] ::1 /Cancer/hospital/index.php/Home/Works/queryinformation.html
ERR: 非法操作:queryinformation

[ 2015-12-17T14:11:34+08:00 ] ::1 /Cancer/hospital/index.php/Home/Works/queryreferencedata.css
ERR: 非法操作:queryreferencedata.css

[ 2015-12-17T14:11:34+08:00 ] ::1 /Cancer/hospital/index.php/Home/Works/patientconsultation.html
ERR: 非法操作:patientconsultation

[ 2015-12-17T14:11:35+08:00 ] ::1 /Cancer/hospital/index.php/Home/Works/queryreferencedata.css
ERR: 非法操作:queryreferencedata.css

[ 2015-12-17T14:19:13+08:00 ] ::1 /Cancer/hospital/index.php/Home/Works/treatmentproposal.css
ERR: 非法操作:treatmentproposal.css

[ 2015-12-17T14:19:14+08:00 ] ::1 /Cancer/hospital/index.php/Home/Works/viewreport.css
ERR: 非法操作:viewreport.css

[ 2015-12-17T14:19:15+08:00 ] ::1 /Cancer/hospital/index.php/Home/Works/queryinformation.html
ERR: 非法操作:queryinformation

[ 2015-12-17T14:19:16+08:00 ] ::1 /Cancer/hospital/index.php/Home/Works/queryreferencedata.css
ERR: 非法操作:queryreferencedata.css

[ 2015-12-17T14:19:17+08:00 ] ::1 /Cancer/hospital/index.php/Home/Works/patientconsultation.html
ERR: 非法操作:patientconsultation

[ 2015-12-17T14:19:41+08:00 ] ::1 /Cancer/hospital/index.php/Home/Works/suizhen_xiugai/works_id/1
ERR: 非法操作:suizhen_xiugai

[ 2015-12-17T14:29:33+08:00 ] ::1 /Cancer/hospital/index.php/Home/Works/treatmentproposal.css
ERR: 非法操作:treatmentproposal.css

[ 2015-12-17T14:29:35+08:00 ] ::1 /Cancer/hospital/index.php/Home/Works/treatmentproposal.css
ERR: 非法操作:treatmentproposal.css

[ 2015-12-17T14:29:36+08:00 ] ::1 /Cancer/hospital/index.php/Home/Works/viewreport.css
ERR: 非法操作:viewreport.css

[ 2015-12-17T14:29:36+08:00 ] ::1 /Cancer/hospital/index.php/Home/Works/queryinformation.html
ERR: 非法操作:queryinformation

[ 2015-12-17T14:29:37+08:00 ] ::1 /Cancer/hospital/index.php/Home/Works/queryreferencedata.css
ERR: 非法操作:queryreferencedata.css

[ 2015-12-17T14:29:37+08:00 ] ::1 /Cancer/hospital/index.php/Home/Works/viewreport.css
ERR: 非法操作:viewreport.css

[ 2015-12-17T14:29:48+08:00 ] ::1 /Cancer/hospital/index.php/Home/Works/treatmentproposal.css
ERR: 非法操作:treatmentproposal.css

[ 2015-12-17T14:29:48+08:00 ] ::1 /Cancer/hospital/index.php/Home/Works/viewreport.css
ERR: 非法操作:viewreport.css

[ 2015-12-17T14:29:49+08:00 ] ::1 /Cancer/hospital/index.php/Home/Works/queryinformation.html
ERR: 非法操作:queryinformation

[ 2015-12-17T14:29:49+08:00 ] ::1 /Cancer/hospital/index.php/Home/Works/queryreferencedata.css
ERR: 非法操作:queryreferencedata.css

[ 2015-12-17T14:29:49+08:00 ] ::1 /Cancer/hospital/index.php/Home/Works/patientconsultation.html
ERR: 非法操作:patientconsultation

[ 2015-12-17T15:59:16+08:00 ] ::1 /Cancer/hospital/index.php/Home/Works/step2.html/filename/12dsss
ERR: 非法操作:step2.html

[ 2015-12-17T15:59:33+08:00 ] ::1 /Cancer/hospital/index.php/Home/Works/step2.html/filename/12dsss
ERR: 非法操作:step2.html

