[ 2015-11-14T15:41:10+08:00 ] ::1 /Cancer/hospital/index.php/Admin/Genes/treatment_search1
ERR: 模板不存在:D:/xampp/htdocs/Cancer/hospital/Admin/View/Genes/treatment_search1.html

[ 2015-11-14T17:49:29+08:00 ] ::1 /Cancer/hospital/index.php/Admin/Genes/drug_search1
ERR: 模板不存在:D:/xampp/htdocs/Cancer/hospital/Admin/View/Genes/drug_search1.html

[ 2015-11-14T19:43:12+08:00 ] ::1 /Cancer/hospital/index.php/Home/Index/medicalrecordmanagement.php
ERR: 非法操作:medicalrecordmanagement.php

[ 2015-11-14T19:43:13+08:00 ] ::1 /Cancer/hospital/index.php/Home/Index/workflow_upload.php
ERR: 非法操作:workflow_upload.php

[ 2015-11-14T19:43:13+08:00 ] ::1 /Cancer/hospital/index.php/Home/Index/treatmentproposal.php
ERR: 非法操作:treatmentproposal.php

[ 2015-11-14T19:43:13+08:00 ] ::1 /Cancer/hospital/index.php/Home/Index/viewreport.php
ERR: 非法操作:viewreport.php

[ 2015-11-14T19:43:14+08:00 ] ::1 /Cancer/hospital/index.php/Home/Index/queryinformation.php
ERR: 非法操作:queryinformation.php

[ 2015-11-14T19:43:15+08:00 ] ::1 /Cancer/hospital/index.php/Home/Index/queryreferencedata.php
ERR: 非法操作:queryreferencedata.php

[ 2015-11-14T19:43:15+08:00 ] ::1 /Cancer/hospital/index.php/Home/Index/patientconsultation.php
ERR: 非法操作:patientconsultation.php

[ 2015-11-14T19:43:16+08:00 ] ::1 /Cancer/hospital/index.php/Home/Index/viewreport.php
ERR: 非法操作:viewreport.php

[ 2015-11-14T19:43:16+08:00 ] ::1 /Cancer/hospital/index.php/Home/Index/treatmentproposal.php
ERR: 非法操作:treatmentproposal.php

[ 2015-11-14T19:43:17+08:00 ] ::1 /Cancer/hospital/index.php/Home/Index/workflow_upload.php
ERR: 非法操作:workflow_upload.php

[ 2015-11-14T19:43:17+08:00 ] ::1 /Cancer/hospital/index.php/Home/Index/medicalrecordmanagement.php
ERR: 非法操作:medicalrecordmanagement.php

[ 2015-11-14T19:46:03+08:00 ] ::1 /Cancer/hospital/index.php/Home/Index/medicalrecordmanagement.php
ERR: 非法操作:medicalrecordmanagement.php

[ 2015-11-14T19:46:04+08:00 ] ::1 /Cancer/hospital/index.php/Home/Index/workflow_upload.php
ERR: 非法操作:workflow_upload.php

[ 2015-11-14T19:46:05+08:00 ] ::1 /Cancer/hospital/index.php/Home/Index/medicalrecordmanagement.php
ERR: 非法操作:medicalrecordmanagement.php

[ 2015-11-14T19:46:06+08:00 ] ::1 /Cancer/hospital/index.php/Home/Index/medicalrecordmanagement.php
ERR: 非法操作:medicalrecordmanagement.php

[ 2015-11-14T19:46:26+08:00 ] ::1 /Cancer/hospital/index.php/Home/Index/medicalrecordmanagement.php
ERR: 非法操作:medicalrecordmanagement.php

[ 2015-11-14T19:46:34+08:00 ] ::1 /Cancer/hospital/index.php/Home/Index/workflow_upload.php
ERR: 非法操作:workflow_upload.php

[ 2015-11-14T19:53:54+08:00 ] ::1 /Cancer/hospital/index.php/Home/Works/medicalrecordmanagement.html
ERR: 无法加载控制器:Works

[ 2015-11-14T19:53:55+08:00 ] ::1 /Cancer/hospital/index.php/Home/Works/medicalrecordmanagement.html
ERR: 无法加载控制器:Works

[ 2015-11-14T19:53:57+08:00 ] ::1 /Cancer/hospital/index.php/Home/Works/medicalrecordmanagement.html
ERR: 无法加载控制器:Works

[ 2015-11-14T19:54:32+08:00 ] ::1 /Cancer/hospital/index.php/Home/Works/medicalrecordmanagement.html
ERR: 无法加载控制器:Works

[ 2015-11-14T19:54:33+08:00 ] ::1 /Cancer/hospital/index.php/Home/Works/medicalrecordmanagement.html
ERR: 无法加载控制器:Works

[ 2015-11-14T19:55:17+08:00 ] ::1 /Cancer/hospital/index.php/Home/Works/style/custom.css
ERR: 非法操作:style

[ 2015-11-14T19:55:17+08:00 ] ::1 /Cancer/hospital/index.php/Home/Works/js/custom.js
ERR: 非法操作:js

[ 2015-11-14T19:55:17+08:00 ] ::1 /Cancer/hospital/index.php/Home/Works/js/jquery-1.4.2.min.js
ERR: 非法操作:js

[ 2015-11-14T19:55:17+08:00 ] ::1 /Cancer/hospital/index.php/Home/Works/js/custom.js
ERR: 非法操作:js

[ 2015-11-14T19:55:17+08:00 ] ::1 /Cancer/hospital/index.php/Home/Works/style/custom.css
ERR: 非法操作:style

[ 2015-11-14T19:55:40+08:00 ] ::1 /Cancer/hospital/index.php/Home/Works/js/jquery-1.4.2.min.js
ERR: 非法操作:js

[ 2015-11-14T19:55:40+08:00 ] ::1 /Cancer/hospital/index.php/Home/Works/js/custom.js
ERR: 非法操作:js

[ 2015-11-14T19:55:40+08:00 ] ::1 /Cancer/hospital/index.php/Home/Works/style/custom.css
ERR: 非法操作:style

[ 2015-11-14T19:58:06+08:00 ] ::1 /Cancer/hospital/index.php/Home/Works/js/custom.js
ERR: 非法操作:js

[ 2015-11-14T19:58:06+08:00 ] ::1 /Cancer/hospital/index.php/Home/Works/js/jquery-1.4.2.min.js
ERR: 非法操作:js

[ 2015-11-14T19:58:06+08:00 ] ::1 /Cancer/hospital/index.php/Home/Works/style/custom.css
ERR: 非法操作:style

[ 2015-11-14T19:58:06+08:00 ] ::1 /Cancer/hospital/index.php/Home/Works/js/custom.js
ERR: 非法操作:js

[ 2015-11-14T19:58:06+08:00 ] ::1 /Cancer/hospital/index.php/Home/Works/style/custom.css
ERR: 非法操作:style

[ 2015-11-14T19:58:09+08:00 ] ::1 /Cancer/hospital/index.php/Home/Works/js/custom.js
ERR: 非法操作:js

[ 2015-11-14T19:58:09+08:00 ] ::1 /Cancer/hospital/index.php/Home/Works/js/jquery-1.4.2.min.js
ERR: 非法操作:js

[ 2015-11-14T19:58:09+08:00 ] ::1 /Cancer/hospital/index.php/Home/Works/style/custom.css
ERR: 非法操作:style

[ 2015-11-14T19:58:09+08:00 ] ::1 /Cancer/hospital/index.php/Home/Works/js/custom.js
ERR: 非法操作:js

[ 2015-11-14T19:58:09+08:00 ] ::1 /Cancer/hospital/index.php/Home/Works/style/custom.css
ERR: 非法操作:style

[ 2015-11-14T20:03:13+08:00 ] ::1 /Cancer/hospital/index.php/Home/Works/treatmentproposal.html
ERR: 非法操作:treatmentproposal

[ 2015-11-14T20:07:43+08:00 ] ::1 /Cancer/hospital/index.php/Home/login/logout.php
ERR: 无法加载控制器:Login

