[ 2015-11-11T14:35:32+08:00 ] ::1 /Cancer/hospital/index.php/Admin/Genes/xiugai/goods_id/
ERR: 非法操作:xiugai

[ 2015-11-11T15:13:09+08:00 ] ::1 /Cancer/hospital/index.php/Admin/Genes/03.php
ERR: 非法操作:03.php

[ 2015-11-11T15:14:43+08:00 ] ::1 /Cancer/hospital/index.php/Admin/Genes/03.php
ERR: 非法操作:03.php

[ 2015-11-11T15:14:46+08:00 ] ::1 /Cancer/hospital/index.php/Admin/Genes/03.php
ERR: 非法操作:03.php

[ 2015-11-11T15:17:14+08:00 ] ::1 /Cancer/hospital/index.php/Admin/Genes/03.php
ERR: 非法操作:03.php

[ 2015-11-11T15:26:46+08:00 ] ::1 /Cancer/hospital/index.php/Admin/Genes/03.php
ERR: 非法操作:03.php

[ 2015-11-11T15:48:38+08:00 ] ::1 /Cancer/hospital/index.php/Admin/Genes/03.php
ERR: 非法操作:03.php

[ 2015-11-11T15:48:42+08:00 ] ::1 /Cancer/hospital/index.php/Admin/Genes/03.php
ERR: 非法操作:03.php

[ 2015-11-11T18:48:53+08:00 ] ::1 /Cancer/hospital/index.php/Admin/Genes/biomarker_search1
ERR: Syntax Error in template "D:/xampp/htdocs/Cancer/hospital/Admin/View\Genes\biomarker_search1.html"  on line 51 "&lt;td&gt;&lt;a href=&quot;{$smarty.const.__CONTROLLER__biomarker_xiugai/genes_id/{$v.ID}&quot;&gt;修改&lt;/a&gt;&lt;/td&gt;"  - Unexpected """, expected one of: "}" , " "

[ 2015-11-11T18:50:25+08:00 ] ::1 /Cancer/hospital/index.php/Admin/Genes/biomarker_search1
ERR: Syntax Error in template "D:/xampp/htdocs/Cancer/hospital/Admin/View\Genes\biomarker_search1.html"  on line 51 "&lt;td&gt;&lt;a href=&quot;{$smarty.const.__CONTROLLER__biomarker_xiugai/genes_id/{$v.ID}&quot;&gt;修改&lt;/a&gt;&lt;/td&gt;"  - Unexpected """, expected one of: "}" , " "

[ 2015-11-11T22:34:41+08:00 ] ::1 /Cancer/hospital/index.php/Admin/Genes/biomarker_xiugai/genes_id/10568
ERR: Think\Model:talbe方法不存在！

[ 2015-11-11T22:34:49+08:00 ] ::1 /Cancer/hospital/index.php/Admin/Genes/biomarker_xiugai/genes_id/10568
ERR: Think\Model:talbe方法不存在！

[ 2015-11-11T22:35:01+08:00 ] ::1 /Cancer/hospital/index.php/Admin/Genes/biomarker_xiugai/genes_id/10568
ERR: Think\Model:talbe方法不存在！

[ 2015-11-11T22:38:28+08:00 ] ::1 /Cancer/hospital/index.php/Admin/Genes/biomarker_xiugai/genes_id/10568
ERR: Think\Model:talbe方法不存在！

[ 2015-11-11T22:47:21+08:00 ] ::1 /Cancer/hospital/index.php/Admin/Genes/biomarker_xiugai/genes_id/10568
ERR: Think\Model:talbe方法不存在！

