[ 2015-11-09T10:16:37+08:00 ] ::1 /Cancer/hospital/index.php/Admin/login/logout.php
ERR: 无法加载控制器:Login

[ 2015-11-09T10:27:15+08:00 ] ::1 /Cancer/hospital/index.php/Admin/Manager/logout
ERR: 无法加载控制器:Manager

[ 2015-11-09T10:32:18+08:00 ] ::1 /Cancer/hospital/index.php/Admin/Index/biomarker.php
ERR: 非法操作:biomarker.php

[ 2015-11-09T10:45:12+08:00 ] ::1 /Cancer/hospital/index.php/Admin/Index/css/admin.css
ERR: 非法操作:css

[ 2015-11-09T13:24:12+08:00 ] ::1 /Cancer/hospital/index.php/Admin/Index/biomarker_search
ERR: 非法操作:biomarker_search

[ 2015-11-09T13:47:12+08:00 ] ::1 /Cancer/hospital/index.php/Admin/Genes/biomarker_search.php
ERR: 非法操作:biomarker_search.php

[ 2015-11-09T14:13:13+08:00 ] ::1 /Cancer/hospital/index.php/Admin/Genes/mutation_add
ERR: 模板不存在:D:/xampp/htdocs/Cancer/hospital/Admin/View/Genes/mutation_add.html

[ 2015-11-09T14:13:50+08:00 ] ::1 /Cancer/hospital/index.php/Admin/Genes/mutation_add
ERR: 模板不存在:D:/xampp/htdocs/Cancer/hospital/Admin/View/Genes/mutation_add.html

[ 2015-11-09T14:15:02+08:00 ] ::1 /Cancer/hospital/index.php/Admin/Genes/mutation_search.php
ERR: 非法操作:mutation_search.php

[ 2015-11-09T14:50:54+08:00 ] ::1 /Cancer/hospital/index.php/Admin/Genes/drugmutationassociation_search
ERR: 非法操作:drugmutationassociation_search

[ 2015-11-09T14:50:56+08:00 ] ::1 /Cancer/hospital/index.php/Admin/Genes/drugmutationassociation_add
ERR: 非法操作:drugmutationassociation_add

[ 2015-11-09T14:50:57+08:00 ] ::1 /Cancer/hospital/index.php/Admin/Genes/drugmutationassociation_search
ERR: 非法操作:drugmutationassociation_search

[ 2015-11-09T14:51:22+08:00 ] ::1 /Cancer/hospital/index.php/Admin/Genes/drugmutationassociation_add
ERR: 非法操作:drugmutationassociation_add

[ 2015-11-09T14:52:53+08:00 ] ::1 /Cancer/hospital/index.php/Admin/Genes/diseasedrugassociation_search
ERR: 非法操作:diseasedrugassociation_search

[ 2015-11-09T14:55:04+08:00 ] ::1 /Cancer/hospital/index.php/Admin/Genes/treatment_search
ERR: 非法操作:treatment_search

[ 2015-11-09T14:56:20+08:00 ] ::1 /Cancer/hospital/index.php/Admin/Genes/diseasebiomarkerassohs_search
ERR: 非法操作:diseasebiomarkerassohs_search

[ 2015-11-09T14:57:13+08:00 ] ::1 /Cancer/hospital/index.php/Admin/Genes/biomarkermutationsubset_search
ERR: 非法操作:biomarkermutationsubset_search

[ 2015-11-09T14:58:03+08:00 ] ::1 /Cancer/hospital/index.php/Admin/Genes/reference_search
ERR: 非法操作:reference_search

[ 2015-11-09T14:59:09+08:00 ] ::1 /Cancer/hospital/index.php/Admin/Genes/changepassword
ERR: 非法操作:changepassword

[ 2015-11-09T15:14:28+08:00 ] ::1 /Cancer/hospital/index.php/Admin/Manager/changepassword
ERR: 无法加载控制器:Manager

[ 2015-11-09T15:14:37+08:00 ] ::1 /Cancer/hospital/index.php/Admin/Manager/changepassword
ERR: 无法加载控制器:Manager

[ 2015-11-09T15:14:41+08:00 ] ::1 /Cancer/hospital/index.php/Admin/Manager/login
ERR: 无法加载控制器:Manager

[ 2015-11-09T15:14:45+08:00 ] ::1 /Cancer/hospital/index.php/Admin/Manager/changepassword
ERR: 无法加载控制器:Manager

[ 2015-11-09T15:32:30+08:00 ] ::1 /Cancer/hospital/index.php/Admin/Manager/__MOUDLE__/Public/css/User_Login.css
ERR: 非法操作:__MOUDLE__

[ 2015-11-09T15:32:35+08:00 ] ::1 /Cancer/hospital/index.php/Admin/Manager/__MOUDLE__/Public/css/User_Login.css
ERR: 非法操作:__MOUDLE__

[ 2015-11-09T15:33:30+08:00 ] ::1 /Cancer/hospital/index.php/Admin/Public/css/User_Login.css
ERR: 无法加载控制器:Public

[ 2015-11-09T15:33:31+08:00 ] ::1 /Cancer/hospital/index.php/Admin/Public/css/User_Login.css
ERR: 无法加载控制器:Public

[ 2015-11-09T15:33:40+08:00 ] ::1 /Cancer/hospital/index.php/Admin/Public/css/User_Login.css
ERR: 无法加载控制器:Public

[ 2015-11-09T16:02:44+08:00 ] ::1 /Cancer/hospital/index.php/Admin/Manager/verifyImg
ERR: 非法操作:verifyImg

[ 2015-11-09T16:08:38+08:00 ] ::1 /Cancer/hospital/index.php/Admin/Manager/verifyImg
ERR: 非法操作:verifyImg

[ 2015-11-09T16:10:45+08:00 ] ::1 /Cancer/hospital/index.php/Admin/Manager/verifyImg
ERR: 非法操作:verifyImg

[ 2015-11-09T16:10:46+08:00 ] ::1 /Cancer/hospital/index.php/Admin/Manager/verifyImg
ERR: 非法操作:verifyImg

[ 2015-11-09T16:14:10+08:00 ] ::1 /Cancer/hospital/index.php/Admin/Manager/verifyImg
ERR: 非法操作:verifyImg

[ 2015-11-09T16:14:28+08:00 ] ::1 /Cancer/hospital/index.php/Admin/Manager/verifyImg
ERR: 非法操作:verifyImg

[ 2015-11-09T16:14:35+08:00 ] ::1 /Cancer/hospital/index.php/Admin/Manager/verifyImg
ERR: 非法操作:verifyImg

[ 2015-11-09T16:16:44+08:00 ] ::1 /Cancer/hospital/index.php/Admin/Manager/verifyImg
ERR: 非法操作:verifyImg

[ 2015-11-09T16:37:33+08:00 ] ::1 /Cancer/hospital/index.php/Admin/Manager/login
ERR: Unknown database 'cancerdialog'

[ 2015-11-09T18:38:24+08:00 ] ::1 /Cancer/hospital/index.php/Admin/ManagerverifyImg
ERR: 无法加载控制器:ManagerverifyImg

[ 2015-11-09T20:49:37+08:00 ] ::1 /Cancer/hospital/index.php/Admin/Manager/verifyImg0.8774438727164297
ERR: 非法操作:verifyImg0.8774438727164297

[ 2015-11-09T20:49:44+08:00 ] ::1 /Cancer/hospital/index.php/Admin/Manager/verifyImg0.49167735819917446
ERR: 非法操作:verifyImg0.49167735819917446

