[ 2015-12-13T12:15:27+08:00 ] ::1 /Cancer/hospital/index.php/Home/Works/step2.css
ERR: 非法操作:step2.css

[ 2015-12-13T12:15:27+08:00 ] ::1 /Cancer/hospital/index.php/Home/Works/step1.css
ERR: 非法操作:step1.css

[ 2015-12-13T12:15:27+08:00 ] ::1 /Cancer/hospital/index.php/Home/Works/step4.css
ERR: 非法操作:step4.css

[ 2015-12-13T12:27:00+08:00 ] ::1 /Cancer/hospital/index.php/Home/Works/step1.css
ERR: 非法操作:step1.css

[ 2015-12-13T12:27:00+08:00 ] ::1 /Cancer/hospital/index.php/Home/Works/step4.css
ERR: 非法操作:step4.css

[ 2015-12-13T12:27:00+08:00 ] ::1 /Cancer/hospital/index.php/Home/Works/step2.css
ERR: 非法操作:step2.css

[ 2015-12-13T12:29:22+08:00 ] ::1 /Cancer/hospital/index.php/Home/Works/step1.css
ERR: 非法操作:step1.css

[ 2015-12-13T12:29:22+08:00 ] ::1 /Cancer/hospital/index.php/Home/Works/step2.css
ERR: 非法操作:step2.css

[ 2015-12-13T12:29:22+08:00 ] ::1 /Cancer/hospital/index.php/Home/Works/step4.css
ERR: 非法操作:step4.css

[ 2015-12-13T12:33:00+08:00 ] ::1 /Cancer/hospital/index.php/Home/Works/step2.css
ERR: 非法操作:step2.css

[ 2015-12-13T12:33:00+08:00 ] ::1 /Cancer/hospital/index.php/Home/Works/step1.css
ERR: 非法操作:step1.css

[ 2015-12-13T12:33:00+08:00 ] ::1 /Cancer/hospital/index.php/Home/Works/step4.css
ERR: 非法操作:step4.css

[ 2015-12-13T12:59:09+08:00 ] ::1 /Cancer/hospital/index.php/Home/Works/js/jquery-1.4.2.min.js
ERR: 非法操作:js

[ 2015-12-13T12:59:09+08:00 ] ::1 /Cancer/hospital/index.php/Home/Works/styles/smart_wizard.css
ERR: 非法操作:styles

[ 2015-12-13T12:59:09+08:00 ] ::1 /Cancer/hospital/index.php/Home/Works/js/jquery.smartWizard-2.0.min.js
ERR: 非法操作:js

[ 2015-12-13T12:59:14+08:00 ] ::1 /Cancer/hospital/index.php/Home/Works/styles/smart_wizard.css
ERR: 非法操作:styles

[ 2015-12-13T12:59:14+08:00 ] ::1 /Cancer/hospital/index.php/Home/Works/js/jquery-1.4.2.min.js
ERR: 非法操作:js

[ 2015-12-13T12:59:14+08:00 ] ::1 /Cancer/hospital/index.php/Home/Works/js/jquery.smartWizard-2.0.min.js
ERR: 非法操作:js

[ 2015-12-13T12:59:14+08:00 ] ::1 /Cancer/hospital/index.php/Home/Works/treatmentproposal.css
ERR: 非法操作:treatmentproposal.css

[ 2015-12-13T12:59:15+08:00 ] ::1 /Cancer/hospital/index.php/Home/Works/js/jquery.smartWizard-2.0.min.js
ERR: 非法操作:js

[ 2015-12-13T12:59:15+08:00 ] ::1 /Cancer/hospital/index.php/Home/Works/styles/smart_wizard.css
ERR: 非法操作:styles

[ 2015-12-13T12:59:15+08:00 ] ::1 /Cancer/hospital/index.php/Home/Works/js/jquery-1.4.2.min.js
ERR: 非法操作:js

[ 2015-12-13T13:00:29+08:00 ] ::1 /Cancer/hospital/index.php/Home/Works/step1.css
ERR: 非法操作:step1.css

[ 2015-12-13T13:00:29+08:00 ] ::1 /Cancer/hospital/index.php/Home/Works/step2.css
ERR: 非法操作:step2.css

[ 2015-12-13T13:00:29+08:00 ] ::1 /Cancer/hospital/index.php/Home/Works/step4.css
ERR: 非法操作:step4.css

[ 2015-12-13T13:05:35+08:00 ] ::1 /Cancer/hospital/index.php/Home/Works/step1.css
ERR: 非法操作:step1.css

[ 2015-12-13T13:05:35+08:00 ] ::1 /Cancer/hospital/index.php/Home/Works/step2.css
ERR: 非法操作:step2.css

[ 2015-12-13T13:05:35+08:00 ] ::1 /Cancer/hospital/index.php/Home/Works/step4.css
ERR: 非法操作:step4.css

[ 2015-12-13T13:06:27+08:00 ] ::1 /Cancer/hospital/index.php/Home/Works/step2.css
ERR: 非法操作:step2.css

[ 2015-12-13T13:06:27+08:00 ] ::1 /Cancer/hospital/index.php/Home/Works/step1.css
ERR: 非法操作:step1.css

[ 2015-12-13T13:06:27+08:00 ] ::1 /Cancer/hospital/index.php/Home/Works/step4.css
ERR: 非法操作:step4.css

[ 2015-12-13T13:06:56+08:00 ] ::1 /Cancer/hospital/index.php/Home/Works/step4.css
ERR: 非法操作:step4.css

[ 2015-12-13T13:06:56+08:00 ] ::1 /Cancer/hospital/index.php/Home/Works/step1.css
ERR: 非法操作:step1.css

[ 2015-12-13T13:06:56+08:00 ] ::1 /Cancer/hospital/index.php/Home/Works/step2.css
ERR: 非法操作:step2.css

[ 2015-12-13T13:08:29+08:00 ] ::1 /Cancer/hospital/index.php/Home/Works/step4.css
ERR: 非法操作:step4.css

[ 2015-12-13T13:08:29+08:00 ] ::1 /Cancer/hospital/index.php/Home/Works/step1.css
ERR: 非法操作:step1.css

[ 2015-12-13T13:08:29+08:00 ] ::1 /Cancer/hospital/index.php/Home/Works/step2.css
ERR: 非法操作:step2.css

[ 2015-12-13T13:10:05+08:00 ] ::1 /Cancer/hospital/index.php/Home/Works/step4.css
ERR: 非法操作:step4.css

[ 2015-12-13T13:10:05+08:00 ] ::1 /Cancer/hospital/index.php/Home/Works/step1.css
ERR: 非法操作:step1.css

[ 2015-12-13T13:10:05+08:00 ] ::1 /Cancer/hospital/index.php/Home/Works/step2.css
ERR: 非法操作:step2.css

[ 2015-12-13T13:11:15+08:00 ] ::1 /Cancer/hospital/index.php/Home/Works/step2.css
ERR: 非法操作:step2.css

[ 2015-12-13T13:11:15+08:00 ] ::1 /Cancer/hospital/index.php/Home/Works/step4.css
ERR: 非法操作:step4.css

[ 2015-12-13T13:11:15+08:00 ] ::1 /Cancer/hospital/index.php/Home/Works/step1.css
ERR: 非法操作:step1.css

[ 2015-12-13T13:12:30+08:00 ] ::1 /Cancer/hospital/index.php/Home/Works/step2.css
ERR: 非法操作:step2.css

[ 2015-12-13T13:12:30+08:00 ] ::1 /Cancer/hospital/index.php/Home/Works/step4.css
ERR: 非法操作:step4.css

[ 2015-12-13T13:12:30+08:00 ] ::1 /Cancer/hospital/index.php/Home/Works/step1.css
ERR: 非法操作:step1.css

[ 2015-12-13T13:15:25+08:00 ] ::1 /Cancer/hospital/index.php/Home/Works/step1.css
ERR: 非法操作:step1.css

[ 2015-12-13T13:15:25+08:00 ] ::1 /Cancer/hospital/index.php/Home/Works/step4.css
ERR: 非法操作:step4.css

[ 2015-12-13T13:15:25+08:00 ] ::1 /Cancer/hospital/index.php/Home/Works/step2.css
ERR: 非法操作:step2.css

[ 2015-12-13T13:15:37+08:00 ] ::1 /Cancer/hospital/index.php/Home/Works/step1.css
ERR: 非法操作:step1.css

[ 2015-12-13T13:15:37+08:00 ] ::1 /Cancer/hospital/index.php/Home/Works/step2.css
ERR: 非法操作:step2.css

[ 2015-12-13T13:15:37+08:00 ] ::1 /Cancer/hospital/index.php/Home/Works/step4.css
ERR: 非法操作:step4.css

[ 2015-12-13T13:20:14+08:00 ] ::1 /Cancer/hospital/index.php/Home/Works/step2.css
ERR: 非法操作:step2.css

[ 2015-12-13T13:20:14+08:00 ] ::1 /Cancer/hospital/index.php/Home/Works/step1.css
ERR: 非法操作:step1.css

[ 2015-12-13T13:20:14+08:00 ] ::1 /Cancer/hospital/index.php/Home/Works/step4.css
ERR: 非法操作:step4.css

[ 2015-12-13T13:25:33+08:00 ] ::1 /Cancer/hospital/index.php/Home/Works/step1.css
ERR: 非法操作:step1.css

[ 2015-12-13T13:25:33+08:00 ] ::1 /Cancer/hospital/index.php/Home/Works/step2.css
ERR: 非法操作:step2.css

[ 2015-12-13T13:25:33+08:00 ] ::1 /Cancer/hospital/index.php/Home/Works/step4.css
ERR: 非法操作:step4.css

[ 2015-12-13T13:25:39+08:00 ] ::1 /Cancer/hospital/index.php/Home/Works/localhost/cgi-bin/upload.pl
ERR: 非法操作:localhost

[ 2015-12-13T13:26:25+08:00 ] ::1 /Cancer/hospital/index.php/Home/Works/step1.css
ERR: 非法操作:step1.css

[ 2015-12-13T13:26:25+08:00 ] ::1 /Cancer/hospital/index.php/Home/Works/step2.css
ERR: 非法操作:step2.css

[ 2015-12-13T13:26:25+08:00 ] ::1 /Cancer/hospital/index.php/Home/Works/step4.css
ERR: 非法操作:step4.css

[ 2015-12-13T13:27:11+08:00 ] ::1 /Cancer/hospital/index.php/Home/Works/step2.css
ERR: 非法操作:step2.css

[ 2015-12-13T13:27:11+08:00 ] ::1 /Cancer/hospital/index.php/Home/Works/step4.css
ERR: 非法操作:step4.css

[ 2015-12-13T13:27:11+08:00 ] ::1 /Cancer/hospital/index.php/Home/Works/step1.css
ERR: 非法操作:step1.css

[ 2015-12-13T13:27:14+08:00 ] ::1 /Cancer/hospital/index.php/Home/Works/localhost/cgi-bin/upload.pl
ERR: 非法操作:localhost

[ 2015-12-13T13:27:32+08:00 ] ::1 /Cancer/hospital/index.php/Home/Works/step4.css
ERR: 非法操作:step4.css

[ 2015-12-13T13:27:32+08:00 ] ::1 /Cancer/hospital/index.php/Home/Works/step2.css
ERR: 非法操作:step2.css

[ 2015-12-13T13:27:32+08:00 ] ::1 /Cancer/hospital/index.php/Home/Works/step1.css
ERR: 非法操作:step1.css

[ 2015-12-13T13:27:34+08:00 ] ::1 /Cancer/hospital/index.php/Home/Works/localhost/cgi-bin/upload.pl
ERR: 非法操作:localhost

[ 2015-12-13T13:27:57+08:00 ] ::1 /Cancer/hospital/index.php/Home/Works/step1.css
ERR: 非法操作:step1.css

[ 2015-12-13T13:27:57+08:00 ] ::1 /Cancer/hospital/index.php/Home/Works/step2.css
ERR: 非法操作:step2.css

[ 2015-12-13T13:27:57+08:00 ] ::1 /Cancer/hospital/index.php/Home/Works/step4.css
ERR: 非法操作:step4.css

[ 2015-12-13T13:32:22+08:00 ] ::1 /Cancer/hospital/index.php/Home/Works/step2.css
ERR: 非法操作:step2.css

[ 2015-12-13T13:32:22+08:00 ] ::1 /Cancer/hospital/index.php/Home/Works/step1.css
ERR: 非法操作:step1.css

[ 2015-12-13T13:32:22+08:00 ] ::1 /Cancer/hospital/index.php/Home/Works/step4.css
ERR: 非法操作:step4.css

[ 2015-12-13T16:19:48+08:00 ] ::1 /Cancer/hospital/index.php/Home/Works/medicalrecordmanagement_1_view.php
ERR: 非法操作:medicalrecordmanagement_1_view.php

[ 2015-12-13T16:19:54+08:00 ] ::1 /Cancer/hospital/index.php/Home/Works/createmedicalrecord.php
ERR: 非法操作:createmedicalrecord.php

[ 2015-12-13T16:19:59+08:00 ] ::1 /Cancer/hospital/index.php/Home/Works/step2.css
ERR: 非法操作:step2.css

[ 2015-12-13T16:19:59+08:00 ] ::1 /Cancer/hospital/index.php/Home/Works/step1.css
ERR: 非法操作:step1.css

[ 2015-12-13T16:19:59+08:00 ] ::1 /Cancer/hospital/index.php/Home/Works/step4.css
ERR: 非法操作:step4.css

[ 2015-12-13T16:20:03+08:00 ] ::1 /Cancer/hospital/index.php/Home/Works/treatmentproposal.css
ERR: 非法操作:treatmentproposal.css

[ 2015-12-13T16:20:05+08:00 ] ::1 /Cancer/hospital/index.php/Home/Works/viewreport.css
ERR: 非法操作:viewreport.css

[ 2015-12-13T16:54:33+08:00 ] ::1 /Cancer/hospital/index.php/Home/Works/step1.css
ERR: 非法操作:step1.css

[ 2015-12-13T16:55:01+08:00 ] ::1 /Cancer/hospital/index.php/Home/Works/step4.css
ERR: 非法操作:step4.css

[ 2015-12-13T16:55:01+08:00 ] ::1 /Cancer/hospital/index.php/Home/Works/step1.css
ERR: 非法操作:step1.css

[ 2015-12-13T16:55:01+08:00 ] ::1 /Cancer/hospital/index.php/Home/Works/step2.css
ERR: 非法操作:step2.css

[ 2015-12-13T16:58:35+08:00 ] ::1 /Cancer/hospital/index.php/Home/Works/step1.css
ERR: 非法操作:step1.css

[ 2015-12-13T16:58:35+08:00 ] ::1 /Cancer/hospital/index.php/Home/Works/step2.css
ERR: 非法操作:step2.css

[ 2015-12-13T16:58:35+08:00 ] ::1 /Cancer/hospital/index.php/Home/Works/step4.css
ERR: 非法操作:step4.css

[ 2015-12-13T16:58:36+08:00 ] ::1 /Cancer/hospital/index.php/Home/Works/treatmentproposal.css
ERR: 非法操作:treatmentproposal.css

[ 2015-12-13T16:58:48+08:00 ] ::1 /Cancer/hospital/index.php/Home/Works/viewreport.css
ERR: 非法操作:viewreport.css

[ 2015-12-13T16:58:49+08:00 ] ::1 /Cancer/hospital/index.php/Home/Works/queryinformation.html
ERR: 非法操作:queryinformation

[ 2015-12-13T16:58:50+08:00 ] ::1 /Cancer/hospital/index.php/Home/Works/queryreferencedata.css
ERR: 非法操作:queryreferencedata.css

[ 2015-12-13T16:58:55+08:00 ] ::1 /Cancer/hospital/index.php/Home/Works/patientconsultation.html
ERR: 非法操作:patientconsultation

[ 2015-12-13T16:58:56+08:00 ] ::1 /Cancer/hospital/index.php/Home/Works/queryreferencedata.css
ERR: 非法操作:queryreferencedata.css

[ 2015-12-13T16:58:57+08:00 ] ::1 /Cancer/hospital/index.php/Home/Works/queryinformation.html
ERR: 非法操作:queryinformation

[ 2015-12-13T17:13:21+08:00 ] ::1 /Cancer/hospital/index.php/Home/Works/step1.css
ERR: 非法操作:step1.css

[ 2015-12-13T17:13:21+08:00 ] ::1 /Cancer/hospital/index.php/Home/Works/step4.css
ERR: 非法操作:step4.css

[ 2015-12-13T17:13:21+08:00 ] ::1 /Cancer/hospital/index.php/Home/Works/step2.css
ERR: 非法操作:step2.css

[ 2015-12-13T17:13:29+08:00 ] ::1 /Cancer/hospital/index.php/Home/Works/treatmentproposal.css
ERR: 非法操作:treatmentproposal.css

[ 2015-12-13T17:18:04+08:00 ] ::1 /Cancer/hospital/index.php/Home/Works/left.html
ERR: 非法操作:left

[ 2015-12-13T17:18:05+08:00 ] ::1 /Cancer/hospital/index.php/Home/Works/right.html
ERR: 非法操作:right

[ 2015-12-13T17:18:25+08:00 ] ::1 /Cancer/hospital/index.php/Home/Works/left.html
ERR: 非法操作:left

[ 2015-12-13T17:18:25+08:00 ] ::1 /Cancer/hospital/index.php/Home/Works/right.html
ERR: 非法操作:right

[ 2015-12-13T17:26:01+08:00 ] ::1 /Cancer/hospital/index.php/Home/Works/medicalrecordmanagement_1_view.php
ERR: 非法操作:medicalrecordmanagement_1_view.php

[ 2015-12-13T17:26:05+08:00 ] ::1 /Cancer/hospital/index.php/Home/Works/medicalrecordmanagement_search.php
ERR: 非法操作:medicalrecordmanagement_search.php

[ 2015-12-13T17:26:07+08:00 ] ::1 /Cancer/hospital/index.php/Home/Works/medicalrecordmanagement_search.php
ERR: 非法操作:medicalrecordmanagement_search.php

[ 2015-12-13T19:41:46+08:00 ] ::1 /Cancer/hospital/index.php/Home/Index/__MOUDLE__/Works/chakanbinli_search.html
ERR: 非法操作:__MOUDLE__

[ 2015-12-13T19:42:42+08:00 ] ::1 /Cancer/hospital/index.php/Home/Works/suizhenjilu_search
ERR: 非法操作:suizhenjilu_search

[ 2015-12-13T19:43:59+08:00 ] ::1 /Cancer/hospital/index.php/Home/Works/chakanbinli_search1
ERR: 非法操作:chakanbinli_search1

[ 2015-12-13T19:48:59+08:00 ] ::1 /Cancer/hospital/index.php/Home/Works/suizhenjilu_search
ERR: 非法操作:suizhenjilu_search

[ 2015-12-13T19:49:01+08:00 ] ::1 /Cancer/hospital/index.php/Home/Works/suizhenjilu_search
ERR: 非法操作:suizhenjilu_search

[ 2015-12-13T20:05:07+08:00 ] ::1 /Cancer/hospital/index.php/Home/Works/suizhenjilu_search
ERR: 非法操作:suizhenjilu_search

[ 2015-12-13T21:00:07+08:00 ] ::1 /Cancer/hospital/index.php/Home/Works/medicalrecordmanagement_1_view.php
ERR: 非法操作:medicalrecordmanagement_1_view.php

[ 2015-12-13T21:04:14+08:00 ] ::1 /Cancer/hospital/index.php/Home/Works/medicalrecordmanagement_1_view.php
ERR: 非法操作:medicalrecordmanagement_1_view.php

[ 2015-12-13T22:19:03+08:00 ] ::1 /Cancer/hospital/index.php/Home/Works/chakanbinli_xiugai/genes_id/1
ERR: 参数错误或者未定义:works_id

[ 2015-12-13T22:20:23+08:00 ] ::1 /Cancer/hospital/index.php/Home/Works/chakanbinli_xiugai/works_id/1
ERR: 模板不存在:D:/xampp/htdocs/Cancer/hospital/Home/View/Works/chakanbinli_add.html

[ 2015-12-13T22:20:39+08:00 ] ::1 /Cancer/hospital/index.php/Home/Works/chakanbinli_xiugai/works_id/1
ERR: 模板不存在:D:/xampp/htdocs/Cancer/hospital/Home/View/Works/chakanbinli_add.html

[ 2015-12-13T22:21:32+08:00 ] ::1 /Cancer/hospital/index.php/Home/Works/chakanbinli_xiugai/works_id/2
ERR: 模板不存在:D:/xampp/htdocs/Cancer/hospital/Home/View/Works/chakanbinli_add.html

[ 2015-12-13T22:27:34+08:00 ] ::1 /Cancer/hospital/index.php/Home/Works/chakanbinli_xiugai/newIdDelet/1
ERR: 参数错误或者未定义:works_id

[ 2015-12-13T22:27:42+08:00 ] ::1 /Cancer/hospital/index.php/Home/Works/chakanbinli_xiugai/works_id/2
ERR: 模板不存在:D:/xampp/htdocs/Cancer/hospital/Home/View/Works/chakanbinli_add.html

[ 2015-12-13T22:28:18+08:00 ] ::1 /Cancer/hospital/index.php/Home/Works/step1.css
ERR: 非法操作:step1.css

[ 2015-12-13T22:28:18+08:00 ] ::1 /Cancer/hospital/index.php/Home/Works/step2.css
ERR: 非法操作:step2.css

[ 2015-12-13T22:28:18+08:00 ] ::1 /Cancer/hospital/index.php/Home/Works/step4.css
ERR: 非法操作:step4.css

[ 2015-12-13T22:28:20+08:00 ] ::1 /Cancer/hospital/index.php/Home/Works/treatmentproposal.css
ERR: 非法操作:treatmentproposal.css

[ 2015-12-13T22:28:24+08:00 ] ::1 /Cancer/hospital/index.php/Home/Works/viewreport.css
ERR: 非法操作:viewreport.css

[ 2015-12-13T22:28:26+08:00 ] ::1 /Cancer/hospital/index.php/Home/Works/queryinformation.html
ERR: 非法操作:queryinformation

[ 2015-12-13T22:28:27+08:00 ] ::1 /Cancer/hospital/index.php/Home/Works/viewreport.css
ERR: 非法操作:viewreport.css

[ 2015-12-13T22:28:27+08:00 ] ::1 /Cancer/hospital/index.php/Home/Works/queryinformation.html
ERR: 非法操作:queryinformation

[ 2015-12-13T22:28:28+08:00 ] ::1 /Cancer/hospital/index.php/Home/Works/queryreferencedata.css
ERR: 非法操作:queryreferencedata.css

[ 2015-12-13T22:28:28+08:00 ] ::1 /Cancer/hospital/index.php/Home/Works/patientconsultation.html
ERR: 非法操作:patientconsultation

[ 2015-12-13T22:28:30+08:00 ] ::1 /Cancer/hospital/index.php/Home/Works/queryreferencedata.css
ERR: 非法操作:queryreferencedata.css

[ 2015-12-13T22:28:31+08:00 ] ::1 /Cancer/hospital/index.php/Home/Works/viewreport.css
ERR: 非法操作:viewreport.css

[ 2015-12-13T22:28:31+08:00 ] ::1 /Cancer/hospital/index.php/Home/Works/treatmentproposal.css
ERR: 非法操作:treatmentproposal.css

[ 2015-12-13T22:28:32+08:00 ] ::1 /Cancer/hospital/index.php/Home/Works/step2.css
ERR: 非法操作:step2.css

[ 2015-12-13T22:28:32+08:00 ] ::1 /Cancer/hospital/index.php/Home/Works/step1.css
ERR: 非法操作:step1.css

[ 2015-12-13T22:28:32+08:00 ] ::1 /Cancer/hospital/index.php/Home/Works/step4.css
ERR: 非法操作:step4.css

[ 2015-12-13T22:28:34+08:00 ] ::1 /Cancer/hospital/index.php/Home/Works/step2.css
ERR: 非法操作:step2.css

[ 2015-12-13T22:28:34+08:00 ] ::1 /Cancer/hospital/index.php/Home/Works/step1.css
ERR: 非法操作:step1.css

[ 2015-12-13T22:28:34+08:00 ] ::1 /Cancer/hospital/index.php/Home/Works/step4.css
ERR: 非法操作:step4.css

[ 2015-12-13T22:41:26+08:00 ] ::1 /Cancer/hospital/index.php/Home/Works/chakanbinli_xiugai/works_id/1
ERR: 模板不存在:D:/xampp/htdocs/Cancer/hospital/Home/View/Works/chakanbinli_add.html

