[ 2015-12-14T09:10:48+08:00 ] ::1 /Cancer/hospital/index.php/Home/Works/step1.css
ERR: 非法操作:step1.css

[ 2015-12-14T09:10:48+08:00 ] ::1 /Cancer/hospital/index.php/Home/Works/step2.css
ERR: 非法操作:step2.css

[ 2015-12-14T09:10:48+08:00 ] ::1 /Cancer/hospital/index.php/Home/Works/step4.css
ERR: 非法操作:step4.css

[ 2015-12-14T09:26:05+08:00 ] ::1 /Cancer/hospital/index.php/Home/Works/chakanbinli_xiugai/newIdDelet/1
ERR: 参数错误或者未定义:works_id

[ 2015-12-14T09:26:09+08:00 ] ::1 /Cancer/hospital/index.php/Home/Works/chakanbinli_xiugai/newIdDelet/1
ERR: 参数错误或者未定义:works_id

[ 2015-12-14T09:27:30+08:00 ] ::1 /Cancer/hospital/index.php/Home/Works/medicalrecordmanagement_1_view.php
ERR: 非法操作:medicalrecordmanagement_1_view.php

[ 2015-12-14T09:28:29+08:00 ] ::1 /Cancer/hospital/index.php/Home/Works/createmedicalrecord.php
ERR: 非法操作:createmedicalrecord.php

[ 2015-12-14T09:28:54+08:00 ] ::1 /Cancer/hospital/index.php/Home/Works/step1.css
ERR: 非法操作:step1.css

[ 2015-12-14T09:28:54+08:00 ] ::1 /Cancer/hospital/index.php/Home/Works/step2.css
ERR: 非法操作:step2.css

[ 2015-12-14T09:28:54+08:00 ] ::1 /Cancer/hospital/index.php/Home/Works/step4.css
ERR: 非法操作:step4.css

[ 2015-12-14T09:31:57+08:00 ] ::1 /Cancer/hospital/index.php/Home/Works/createmedicalrecord.php
ERR: 非法操作:createmedicalrecord.php

[ 2015-12-14T09:53:12+08:00 ] ::1 /Cancer/hospital/index.php/Home/Works/suizhen_xiugai/works_id/2
ERR: 非法操作:suizhen_xiugai

[ 2015-12-14T09:53:30+08:00 ] ::1 /Cancer/hospital/index.php/Home/Works/step1.css
ERR: 非法操作:step1.css

[ 2015-12-14T09:53:30+08:00 ] ::1 /Cancer/hospital/index.php/Home/Works/step2.css
ERR: 非法操作:step2.css

[ 2015-12-14T09:53:30+08:00 ] ::1 /Cancer/hospital/index.php/Home/Works/step4.css
ERR: 非法操作:step4.css

[ 2015-12-14T09:53:32+08:00 ] ::1 /Cancer/hospital/index.php/Home/Works/treatmentproposal.css
ERR: 非法操作:treatmentproposal.css

[ 2015-12-14T09:53:37+08:00 ] ::1 /Cancer/hospital/index.php/Home/Works/viewreport.css
ERR: 非法操作:viewreport.css

[ 2015-12-14T09:53:39+08:00 ] ::1 /Cancer/hospital/index.php/Home/Works/queryinformation.html
ERR: 非法操作:queryinformation

[ 2015-12-14T09:53:40+08:00 ] ::1 /Cancer/hospital/index.php/Home/Works/queryreferencedata.css
ERR: 非法操作:queryreferencedata.css

[ 2015-12-14T09:53:41+08:00 ] ::1 /Cancer/hospital/index.php/Home/Works/patientconsultation.html
ERR: 非法操作:patientconsultation

[ 2015-12-14T09:53:41+08:00 ] ::1 /Cancer/hospital/index.php/Home/Works/queryreferencedata.css
ERR: 非法操作:queryreferencedata.css

[ 2015-12-14T09:53:42+08:00 ] ::1 /Cancer/hospital/index.php/Home/Works/viewreport.css
ERR: 非法操作:viewreport.css

[ 2015-12-14T09:53:43+08:00 ] ::1 /Cancer/hospital/index.php/Home/Works/queryreferencedata.css
ERR: 非法操作:queryreferencedata.css

[ 2015-12-14T09:53:48+08:00 ] ::1 /Cancer/hospital/index.php/Home/Works/queryreferencedata.css
ERR: 非法操作:queryreferencedata.css

[ 2015-12-14T09:53:48+08:00 ] ::1 /Cancer/hospital/index.php/Home/Works/viewreport.css
ERR: 非法操作:viewreport.css

[ 2015-12-14T10:06:07+08:00 ] ::1 /Cancer/hospital/index.php/Home/Works/viewreport.html
ERR: 非法操作:viewreport

[ 2015-12-14T10:06:27+08:00 ] ::1 /Cancer/hospital/index.php/Home/Works/step1.css
ERR: 非法操作:step1.css

[ 2015-12-14T10:06:27+08:00 ] ::1 /Cancer/hospital/index.php/Home/Works/step2.css
ERR: 非法操作:step2.css

[ 2015-12-14T10:06:27+08:00 ] ::1 /Cancer/hospital/index.php/Home/Works/step4.css
ERR: 非法操作:step4.css

[ 2015-12-14T10:06:28+08:00 ] ::1 /Cancer/hospital/index.php/Home/Works/treatmentproposal.css
ERR: 非法操作:treatmentproposal.css

[ 2015-12-14T10:06:28+08:00 ] ::1 /Cancer/hospital/index.php/Home/Works/viewreport.html
ERR: 非法操作:viewreport

[ 2015-12-14T10:06:29+08:00 ] ::1 /Cancer/hospital/index.php/Home/Works/treatmentproposal.css
ERR: 非法操作:treatmentproposal.css

[ 2015-12-14T10:06:30+08:00 ] ::1 /Cancer/hospital/index.php/Home/Works/viewreport.html
ERR: 非法操作:viewreport

[ 2015-12-14T10:06:33+08:00 ] ::1 /Cancer/hospital/index.php/Home/Works/viewreport.html
ERR: 非法操作:viewreport

[ 2015-12-14T10:07:01+08:00 ] ::1 /Cancer/hospital/index.php/Home/Works/viewreport.html
ERR: 非法操作:viewreport

[ 2015-12-14T10:07:02+08:00 ] ::1 /Cancer/hospital/index.php/Home/Works/viewreport.html
ERR: 非法操作:viewreport

[ 2015-12-14T10:07:04+08:00 ] ::1 /Cancer/hospital/index.php/Home/Works/viewreport.css
ERR: 非法操作:viewreport.css

[ 2015-12-14T10:10:30+08:00 ] ::1 /Cancer/hospital/index.php/Home/Works/viewreport.css
ERR: 非法操作:viewreport.css

[ 2015-12-14T10:10:40+08:00 ] ::1 /Cancer/hospital/index.php/Home/Works/viewreport.css
ERR: 非法操作:viewreport.css

[ 2015-12-14T10:10:58+08:00 ] ::1 /Cancer/hospital/index.php/Home/Works/viewreport.css
ERR: 非法操作:viewreport.css

[ 2015-12-14T10:11:02+08:00 ] ::1 /Cancer/hospital/index.php/Home/Works/viewreport.css
ERR: 非法操作:viewreport.css

[ 2015-12-14T10:11:13+08:00 ] ::1 /Cancer/hospital/index.php/Home/Works/viewreport.css
ERR: 非法操作:viewreport.css

[ 2015-12-14T10:11:23+08:00 ] ::1 /Cancer/hospital/index.php/Home/Works/viewreport.css
ERR: 非法操作:viewreport.css

[ 2015-12-14T10:11:57+08:00 ] ::1 /Cancer/hospital/index.php/Home/Works/viewreport.css
ERR: 非法操作:viewreport.css

[ 2015-12-14T10:12:03+08:00 ] ::1 /Cancer/hospital/index.php/Home/Works/viewreport.css
ERR: 非法操作:viewreport.css

[ 2015-12-14T10:12:06+08:00 ] ::1 /Cancer/hospital/index.php/Home/Works/treatmentproposal.css
ERR: 非法操作:treatmentproposal.css

[ 2015-12-14T10:12:07+08:00 ] ::1 /Cancer/hospital/index.php/Home/Works/viewreport.css
ERR: 非法操作:viewreport.css

[ 2015-12-14T10:12:08+08:00 ] ::1 /Cancer/hospital/index.php/Home/Works/queryinformation.html
ERR: 非法操作:queryinformation

[ 2015-12-14T10:12:09+08:00 ] ::1 /Cancer/hospital/index.php/Home/Works/treatmentproposal.css
ERR: 非法操作:treatmentproposal.css

[ 2015-12-14T10:12:10+08:00 ] ::1 /Cancer/hospital/index.php/Home/Works/step2.css
ERR: 非法操作:step2.css

[ 2015-12-14T10:12:10+08:00 ] ::1 /Cancer/hospital/index.php/Home/Works/step1.css
ERR: 非法操作:step1.css

[ 2015-12-14T10:12:10+08:00 ] ::1 /Cancer/hospital/index.php/Home/Works/step4.css
ERR: 非法操作:step4.css

[ 2015-12-14T10:12:11+08:00 ] ::1 /Cancer/hospital/index.php/Home/Works/treatmentproposal.css
ERR: 非法操作:treatmentproposal.css

[ 2015-12-14T10:12:12+08:00 ] ::1 /Cancer/hospital/index.php/Home/Works/viewreport.css
ERR: 非法操作:viewreport.css

[ 2015-12-14T10:12:13+08:00 ] ::1 /Cancer/hospital/index.php/Home/Works/queryinformation.html
ERR: 非法操作:queryinformation

[ 2015-12-14T10:12:15+08:00 ] ::1 /Cancer/hospital/index.php/Home/Works/queryreferencedata.css
ERR: 非法操作:queryreferencedata.css

[ 2015-12-14T10:12:15+08:00 ] ::1 /Cancer/hospital/index.php/Home/Works/patientconsultation.html
ERR: 非法操作:patientconsultation

[ 2015-12-14T10:12:16+08:00 ] ::1 /Cancer/hospital/index.php/Home/Works/queryreferencedata.css
ERR: 非法操作:queryreferencedata.css

[ 2015-12-14T10:29:56+08:00 ] ::1 /Cancer/hospital/index.php/Home/Works/viewreport.css
ERR: 非法操作:viewreport.css

[ 2015-12-14T10:29:59+08:00 ] ::1 /Cancer/hospital/index.php/Home/Works/queryreferencedata.css
ERR: 非法操作:queryreferencedata.css

[ 2015-12-14T10:30:08+08:00 ] ::1 /Cancer/hospital/index.php/Home/Works/queryreferencedata_research.php
ERR: 非法操作:queryreferencedata_research.php

[ 2015-12-14T10:32:34+08:00 ] ::1 /Cancer/hospital/index.php/Home/Works/queryinformation.html
ERR: 非法操作:queryinformation

[ 2015-12-14T10:32:36+08:00 ] ::1 /Cancer/hospital/index.php/Home/Works/queryreferencedata.css
ERR: 非法操作:queryreferencedata.css

[ 2015-12-14T10:32:38+08:00 ] ::1 /Cancer/hospital/index.php/Home/Works/queryreferencedata.css
ERR: 非法操作:queryreferencedata.css

[ 2015-12-14T10:33:40+08:00 ] ::1 /Cancer/hospital/index.php/Home/Works/queryreferencedata.css
ERR: 非法操作:queryreferencedata.css

[ 2015-12-14T10:33:41+08:00 ] ::1 /Cancer/hospital/index.php/Home/Works/queryreferencedata.css
ERR: 非法操作:queryreferencedata.css

[ 2015-12-14T10:33:48+08:00 ] ::1 /Cancer/hospital/index.php/Home/Works/queryreferencedata.css
ERR: 非法操作:queryreferencedata.css

[ 2015-12-14T10:33:50+08:00 ] ::1 /Cancer/hospital/index.php/Home/Works/queryinformation.html
ERR: 非法操作:queryinformation

[ 2015-12-14T10:33:52+08:00 ] ::1 /Cancer/hospital/index.php/Home/Works/viewreport.css
ERR: 非法操作:viewreport.css

[ 2015-12-14T10:33:55+08:00 ] ::1 /Cancer/hospital/index.php/Home/Works/treatmentproposal.css
ERR: 非法操作:treatmentproposal.css

[ 2015-12-14T10:33:57+08:00 ] ::1 /Cancer/hospital/index.php/Home/Works/step1.css
ERR: 非法操作:step1.css

[ 2015-12-14T10:33:57+08:00 ] ::1 /Cancer/hospital/index.php/Home/Works/step2.css
ERR: 非法操作:step2.css

[ 2015-12-14T10:33:57+08:00 ] ::1 /Cancer/hospital/index.php/Home/Works/step4.css
ERR: 非法操作:step4.css

[ 2015-12-14T10:34:00+08:00 ] ::1 /Cancer/hospital/index.php/Home/Works/step2.css
ERR: 非法操作:step2.css

[ 2015-12-14T10:34:00+08:00 ] ::1 /Cancer/hospital/index.php/Home/Works/step4.css
ERR: 非法操作:step4.css

[ 2015-12-14T10:34:00+08:00 ] ::1 /Cancer/hospital/index.php/Home/Works/step1.css
ERR: 非法操作:step1.css

[ 2015-12-14T10:34:02+08:00 ] ::1 /Cancer/hospital/index.php/Home/Works/viewreport.css
ERR: 非法操作:viewreport.css

[ 2015-12-14T10:34:03+08:00 ] ::1 /Cancer/hospital/index.php/Home/Works/queryreferencedata.css
ERR: 非法操作:queryreferencedata.css

[ 2015-12-14T10:34:05+08:00 ] ::1 /Cancer/hospital/index.php/Home/Works/step2.css
ERR: 非法操作:step2.css

[ 2015-12-14T10:34:05+08:00 ] ::1 /Cancer/hospital/index.php/Home/Works/step1.css
ERR: 非法操作:step1.css

[ 2015-12-14T10:34:05+08:00 ] ::1 /Cancer/hospital/index.php/Home/Works/step4.css
ERR: 非法操作:step4.css

[ 2015-12-14T10:34:06+08:00 ] ::1 /Cancer/hospital/index.php/Home/Works/treatmentproposal.css
ERR: 非法操作:treatmentproposal.css

[ 2015-12-14T10:34:06+08:00 ] ::1 /Cancer/hospital/index.php/Home/Works/queryinformation.html
ERR: 非法操作:queryinformation

[ 2015-12-14T10:34:07+08:00 ] ::1 /Cancer/hospital/index.php/Home/Works/patientconsultation.html
ERR: 非法操作:patientconsultation

[ 2015-12-14T10:34:09+08:00 ] ::1 /Cancer/hospital/index.php/Home/Works/viewreport.css
ERR: 非法操作:viewreport.css

[ 2015-12-14T10:34:09+08:00 ] ::1 /Cancer/hospital/index.php/Home/Works/queryinformation.html
ERR: 非法操作:queryinformation

[ 2015-12-14T10:37:02+08:00 ] ::1 /Cancer/hospital/index.php/Home/Works/treatmentproposal.css
ERR: 非法操作:treatmentproposal.css

[ 2015-12-14T10:38:20+08:00 ] ::1 /Cancer/hospital/index.php/Home/Works/step1.css
ERR: 非法操作:step1.css

[ 2015-12-14T10:38:20+08:00 ] ::1 /Cancer/hospital/index.php/Home/Works/step2.css
ERR: 非法操作:step2.css

[ 2015-12-14T10:38:20+08:00 ] ::1 /Cancer/hospital/index.php/Home/Works/step4.css
ERR: 非法操作:step4.css

[ 2015-12-14T10:38:21+08:00 ] ::1 /Cancer/hospital/index.php/Home/Works/treatmentproposal.css
ERR: 非法操作:treatmentproposal.css

[ 2015-12-14T10:38:22+08:00 ] ::1 /Cancer/hospital/index.php/Home/Works/viewreport.css
ERR: 非法操作:viewreport.css

[ 2015-12-14T10:38:22+08:00 ] ::1 /Cancer/hospital/index.php/Home/Works/queryinformation.html
ERR: 非法操作:queryinformation

[ 2015-12-14T10:38:23+08:00 ] ::1 /Cancer/hospital/index.php/Home/Works/queryreferencedata.css
ERR: 非法操作:queryreferencedata.css

[ 2015-12-14T10:38:24+08:00 ] ::1 /Cancer/hospital/index.php/Home/Works/patientconsultation.html
ERR: 非法操作:patientconsultation

[ 2015-12-14T10:38:25+08:00 ] ::1 /Cancer/hospital/index.php/Home/Works/queryreferencedata.css
ERR: 非法操作:queryreferencedata.css

[ 2015-12-14T10:41:55+08:00 ] ::1 /Cancer/hospital/index.php/Home/Works/treatmentproposal.css
ERR: 非法操作:treatmentproposal.css

[ 2015-12-14T10:55:02+08:00 ] ::1 /Cancer/hospital/index.php/Home/Works/treatmentproposal.css
ERR: 非法操作:treatmentproposal.css

[ 2015-12-14T10:55:05+08:00 ] ::1 /Cancer/hospital/index.php/Home/Works/treatmentproposal.css
ERR: 非法操作:treatmentproposal.css

[ 2015-12-14T10:58:05+08:00 ] ::1 /Cancer/hospital/index.php/Home/Works/treatmentproposal.css
ERR: 非法操作:treatmentproposal.css

[ 2015-12-14T10:58:08+08:00 ] ::1 /Cancer/hospital/index.php/Home/Works/treatmentproposal.css
ERR: 非法操作:treatmentproposal.css

[ 2015-12-14T10:58:13+08:00 ] ::1 /Cancer/hospital/index.php/Home/Works/treatmentproposal.css
ERR: 非法操作:treatmentproposal.css

[ 2015-12-14T10:58:24+08:00 ] ::1 /Cancer/hospital/index.php/Home/Works/treatmentproposal.css
ERR: 非法操作:treatmentproposal.css

[ 2015-12-14T10:58:25+08:00 ] ::1 /Cancer/hospital/index.php/Home/Works/step1.css
ERR: 非法操作:step1.css

[ 2015-12-14T10:58:25+08:00 ] ::1 /Cancer/hospital/index.php/Home/Works/step4.css
ERR: 非法操作:step4.css

[ 2015-12-14T10:58:25+08:00 ] ::1 /Cancer/hospital/index.php/Home/Works/step2.css
ERR: 非法操作:step2.css

[ 2015-12-14T10:58:49+08:00 ] ::1 /Cancer/hospital/index.php/Home/Works/step2.css
ERR: 非法操作:step2.css

[ 2015-12-14T10:58:49+08:00 ] ::1 /Cancer/hospital/index.php/Home/Works/step1.css
ERR: 非法操作:step1.css

[ 2015-12-14T10:58:49+08:00 ] ::1 /Cancer/hospital/index.php/Home/Works/step4.css
ERR: 非法操作:step4.css

[ 2015-12-14T10:58:49+08:00 ] ::1 /Cancer/hospital/index.php/Home/Works/treatmentproposal.css
ERR: 非法操作:treatmentproposal.css

[ 2015-12-14T10:58:53+08:00 ] ::1 /Cancer/hospital/index.php/Home/Works/treatmentproposal.css
ERR: 非法操作:treatmentproposal.css

[ 2015-12-14T10:58:55+08:00 ] ::1 /Cancer/hospital/index.php/Home/Works/treatmentproposal.css
ERR: 非法操作:treatmentproposal.css

[ 2015-12-14T10:58:56+08:00 ] ::1 /Cancer/hospital/index.php/Home/Works/viewreport.css
ERR: 非法操作:viewreport.css

[ 2015-12-14T10:58:59+08:00 ] ::1 /Cancer/hospital/index.php/Home/Works/queryinformation.html
ERR: 非法操作:queryinformation

[ 2015-12-14T10:59:00+08:00 ] ::1 /Cancer/hospital/index.php/Home/Works/queryreferencedata.css
ERR: 非法操作:queryreferencedata.css

[ 2015-12-14T10:59:03+08:00 ] ::1 /Cancer/hospital/index.php/Home/Works/queryreferencedata.css
ERR: 非法操作:queryreferencedata.css

[ 2015-12-14T10:59:04+08:00 ] ::1 /Cancer/hospital/index.php/Home/Works/patientconsultation.html
ERR: 非法操作:patientconsultation

[ 2015-12-14T10:59:05+08:00 ] ::1 /Cancer/hospital/index.php/Home/Works/queryreferencedata.css
ERR: 非法操作:queryreferencedata.css

[ 2015-12-14T11:00:40+08:00 ] ::1 /Cancer/hospital/index.php/Home/Works/queryreferencedata.css
ERR: 非法操作:queryreferencedata.css

[ 2015-12-14T11:00:42+08:00 ] ::1 /Cancer/hospital/index.php/Home/Works/queryreferencedata.css
ERR: 非法操作:queryreferencedata.css

[ 2015-12-14T11:00:56+08:00 ] ::1 /Cancer/hospital/index.php/Home/Works/queryinformation.html
ERR: 非法操作:queryinformation

[ 2015-12-14T11:00:57+08:00 ] ::1 /Cancer/hospital/index.php/Home/Works/viewreport.css
ERR: 非法操作:viewreport.css

[ 2015-12-14T11:00:58+08:00 ] ::1 /Cancer/hospital/index.php/Home/Works/queryinformation.html
ERR: 非法操作:queryinformation

[ 2015-12-14T11:00:59+08:00 ] ::1 /Cancer/hospital/index.php/Home/Works/patientconsultation.html
ERR: 非法操作:patientconsultation

[ 2015-12-14T11:01:03+08:00 ] ::1 /Cancer/hospital/index.php/Home/Works/queryinformation.html
ERR: 非法操作:queryinformation

[ 2015-12-14T11:01:04+08:00 ] ::1 /Cancer/hospital/index.php/Home/Works/viewreport.css
ERR: 非法操作:viewreport.css

[ 2015-12-14T11:01:06+08:00 ] ::1 /Cancer/hospital/index.php/Home/Works/viewreport_xiugai/works_id/1
ERR: 非法操作:viewreport_xiugai

[ 2015-12-14T11:01:14+08:00 ] ::1 /Cancer/hospital/index.php/Home/Works/viewreport.css
ERR: 非法操作:viewreport.css

[ 2015-12-14T11:01:15+08:00 ] ::1 /Cancer/hospital/index.php/Home/Works/treatmentproposal.css
ERR: 非法操作:treatmentproposal.css

[ 2015-12-14T11:01:28+08:00 ] ::1 /Cancer/hospital/index.php/Home/Works/step1.css
ERR: 非法操作:step1.css

[ 2015-12-14T11:01:28+08:00 ] ::1 /Cancer/hospital/index.php/Home/Works/step2.css
ERR: 非法操作:step2.css

[ 2015-12-14T11:01:28+08:00 ] ::1 /Cancer/hospital/index.php/Home/Works/step4.css
ERR: 非法操作:step4.css

[ 2015-12-14T11:01:35+08:00 ] ::1 /Cancer/hospital/index.php/Home/Works/step2.css
ERR: 非法操作:step2.css

[ 2015-12-14T11:01:35+08:00 ] ::1 /Cancer/hospital/index.php/Home/Works/step1.css
ERR: 非法操作:step1.css

[ 2015-12-14T11:01:35+08:00 ] ::1 /Cancer/hospital/index.php/Home/Works/step4.css
ERR: 非法操作:step4.css

[ 2015-12-14T11:13:08+08:00 ] ::1 /Cancer/hospital/index.php/Home/Works/treatmentproposal.css
ERR: 非法操作:treatmentproposal.css

[ 2015-12-14T11:13:09+08:00 ] ::1 /Cancer/hospital/index.php/Home/Works/viewreport.css
ERR: 非法操作:viewreport.css

[ 2015-12-14T11:15:49+08:00 ] ::1 /Cancer/hospital/index.php/Home/Works/step2.css
ERR: 非法操作:step2.css

[ 2015-12-14T11:15:49+08:00 ] ::1 /Cancer/hospital/index.php/Home/Works/step1.css
ERR: 非法操作:step1.css

[ 2015-12-14T11:15:49+08:00 ] ::1 /Cancer/hospital/index.php/Home/Works/step4.css
ERR: 非法操作:step4.css

[ 2015-12-14T11:15:51+08:00 ] ::1 /Cancer/hospital/index.php/Home/Works/treatmentproposal.css
ERR: 非法操作:treatmentproposal.css

[ 2015-12-14T11:23:48+08:00 ] ::1 /Cancer/hospital/index.php/Home/Works/step1.css
ERR: 非法操作:step1.css

[ 2015-12-14T11:23:48+08:00 ] ::1 /Cancer/hospital/index.php/Home/Works/step4.css
ERR: 非法操作:step4.css

[ 2015-12-14T11:23:48+08:00 ] ::1 /Cancer/hospital/index.php/Home/Works/step2.css
ERR: 非法操作:step2.css

[ 2015-12-14T11:23:49+08:00 ] ::1 /Cancer/hospital/index.php/Home/Works/treatmentproposal.css
ERR: 非法操作:treatmentproposal.css

[ 2015-12-14T11:25:01+08:00 ] ::1 /Cancer/hospital/index.php/Home/Works/step1.css
ERR: 非法操作:step1.css

[ 2015-12-14T11:25:01+08:00 ] ::1 /Cancer/hospital/index.php/Home/Works/step2.css
ERR: 非法操作:step2.css

[ 2015-12-14T11:25:01+08:00 ] ::1 /Cancer/hospital/index.php/Home/Works/step4.css
ERR: 非法操作:step4.css

[ 2015-12-14T11:25:01+08:00 ] ::1 /Cancer/hospital/index.php/Home/Works/treatmentproposal.css
ERR: 非法操作:treatmentproposal.css

[ 2015-12-14T11:25:03+08:00 ] ::1 /Cancer/hospital/index.php/Home/Works/viewreport.css
ERR: 非法操作:viewreport.css

[ 2015-12-14T11:25:04+08:00 ] ::1 /Cancer/hospital/index.php/Home/Works/queryinformation.html
ERR: 非法操作:queryinformation

[ 2015-12-14T11:25:05+08:00 ] ::1 /Cancer/hospital/index.php/Home/Works/queryreferencedata.css
ERR: 非法操作:queryreferencedata.css

[ 2015-12-14T11:25:06+08:00 ] ::1 /Cancer/hospital/index.php/Home/Works/queryinformation.html
ERR: 非法操作:queryinformation

[ 2015-12-14T11:25:07+08:00 ] ::1 /Cancer/hospital/index.php/Home/Works/treatmentproposal.css
ERR: 非法操作:treatmentproposal.css

[ 2015-12-14T11:25:12+08:00 ] ::1 /Cancer/hospital/index.php/Home/Works/step2.css
ERR: 非法操作:step2.css

[ 2015-12-14T11:25:12+08:00 ] ::1 /Cancer/hospital/index.php/Home/Works/step1.css
ERR: 非法操作:step1.css

[ 2015-12-14T11:25:12+08:00 ] ::1 /Cancer/hospital/index.php/Home/Works/step4.css
ERR: 非法操作:step4.css

[ 2015-12-14T11:25:19+08:00 ] ::1 /Cancer/hospital/index.php/Home/Works/step2.css
ERR: 非法操作:step2.css

[ 2015-12-14T11:25:19+08:00 ] ::1 /Cancer/hospital/index.php/Home/Works/step1.css
ERR: 非法操作:step1.css

[ 2015-12-14T11:25:19+08:00 ] ::1 /Cancer/hospital/index.php/Home/Works/step4.css
ERR: 非法操作:step4.css

[ 2015-12-14T11:25:19+08:00 ] ::1 /Cancer/hospital/index.php/Home/Works/treatmentproposal.css
ERR: 非法操作:treatmentproposal.css

[ 2015-12-14T11:25:22+08:00 ] ::1 /Cancer/hospital/index.php/Home/Works/viewreport.css
ERR: 非法操作:viewreport.css

[ 2015-12-14T11:25:23+08:00 ] ::1 /Cancer/hospital/index.php/Home/Works/treatmentproposal.css
ERR: 非法操作:treatmentproposal.css

[ 2015-12-14T11:38:03+08:00 ] ::1 /Cancer/hospital/index.php/Home/Works/viewreport.css
ERR: 非法操作:viewreport.css

[ 2015-12-14T11:38:04+08:00 ] ::1 /Cancer/hospital/index.php/Home/Works/treatmentproposal.css
ERR: 非法操作:treatmentproposal.css

[ 2015-12-14T11:38:07+08:00 ] ::1 /Cancer/hospital/index.php/Home/Works/viewreport.css
ERR: 非法操作:viewreport.css

[ 2015-12-14T11:40:18+08:00 ] ::1 /Cancer/hospital/index.php/Home/Works/step2.css
ERR: 非法操作:step2.css

[ 2015-12-14T11:40:18+08:00 ] ::1 /Cancer/hospital/index.php/Home/Works/step1.css
ERR: 非法操作:step1.css

[ 2015-12-14T11:40:18+08:00 ] ::1 /Cancer/hospital/index.php/Home/Works/step4.css
ERR: 非法操作:step4.css

[ 2015-12-14T11:40:20+08:00 ] ::1 /Cancer/hospital/index.php/Home/Works/step4.css
ERR: 非法操作:step4.css

[ 2015-12-14T11:40:20+08:00 ] ::1 /Cancer/hospital/index.php/Home/Works/step1.css
ERR: 非法操作:step1.css

[ 2015-12-14T11:40:20+08:00 ] ::1 /Cancer/hospital/index.php/Home/Works/step2.css
ERR: 非法操作:step2.css

[ 2015-12-14T11:40:20+08:00 ] ::1 /Cancer/hospital/index.php/Home/Works/treatmentproposal.css
ERR: 非法操作:treatmentproposal.css

[ 2015-12-14T11:40:21+08:00 ] ::1 /Cancer/hospital/index.php/Home/Works/viewreport.css
ERR: 非法操作:viewreport.css

[ 2015-12-14T11:41:09+08:00 ] ::1 /Cancer/hospital/index.php/Home/Works/step1.css
ERR: 非法操作:step1.css

[ 2015-12-14T11:41:09+08:00 ] ::1 /Cancer/hospital/index.php/Home/Works/step4.css
ERR: 非法操作:step4.css

[ 2015-12-14T11:41:09+08:00 ] ::1 /Cancer/hospital/index.php/Home/Works/step2.css
ERR: 非法操作:step2.css

[ 2015-12-14T11:41:10+08:00 ] ::1 /Cancer/hospital/index.php/Home/Works/treatmentproposal.css
ERR: 非法操作:treatmentproposal.css

[ 2015-12-14T11:41:11+08:00 ] ::1 /Cancer/hospital/index.php/Home/Works/viewreport.css
ERR: 非法操作:viewreport.css

[ 2015-12-14T11:41:12+08:00 ] ::1 /Cancer/hospital/index.php/Home/Works/treatmentproposal.css
ERR: 非法操作:treatmentproposal.css

[ 2015-12-14T11:41:16+08:00 ] ::1 /Cancer/hospital/index.php/Home/Works/viewreport.css
ERR: 非法操作:viewreport.css

[ 2015-12-14T11:41:21+08:00 ] ::1 /Cancer/hospital/index.php/Home/Works/queryinformation.html
ERR: 非法操作:queryinformation

[ 2015-12-14T11:41:22+08:00 ] ::1 /Cancer/hospital/index.php/Home/Works/queryreferencedata.css
ERR: 非法操作:queryreferencedata.css

[ 2015-12-14T11:41:55+08:00 ] ::1 /Cancer/hospital/index.php/Home/Works/queryreferencedata.css
ERR: 非法操作:queryreferencedata.css

[ 2015-12-14T12:25:09+08:00 ] ::1 /Cancer/hospital/index.php/Home/Works/queryinformation.html
ERR: 非法操作:queryinformation

[ 2015-12-14T12:25:09+08:00 ] ::1 /Cancer/hospital/index.php/Home/Works/queryreferencedata.css
ERR: 非法操作:queryreferencedata.css

[ 2015-12-14T12:25:11+08:00 ] ::1 /Cancer/hospital/index.php/Home/Works/queryinformation.html
ERR: 非法操作:queryinformation

[ 2015-12-14T12:25:12+08:00 ] ::1 /Cancer/hospital/index.php/Home/Works/queryreferencedata.css
ERR: 非法操作:queryreferencedata.css

[ 2015-12-14T12:25:15+08:00 ] ::1 /Cancer/hospital/index.php/Home/Works/patientconsultation.html
ERR: 非法操作:patientconsultation

[ 2015-12-14T12:25:16+08:00 ] ::1 /Cancer/hospital/index.php/Home/Works/queryreferencedata.css
ERR: 非法操作:queryreferencedata.css

[ 2015-12-14T12:25:18+08:00 ] ::1 /Cancer/hospital/index.php/Home/Works/patientconsultation.html
ERR: 非法操作:patientconsultation

[ 2015-12-14T12:25:20+08:00 ] ::1 /Cancer/hospital/index.php/Home/Works/queryreferencedata.css
ERR: 非法操作:queryreferencedata.css

[ 2015-12-14T12:25:21+08:00 ] ::1 /Cancer/hospital/index.php/Home/Works/queryinformation.html
ERR: 非法操作:queryinformation

[ 2015-12-14T12:25:21+08:00 ] ::1 /Cancer/hospital/index.php/Home/Works/viewreport.css
ERR: 非法操作:viewreport.css

[ 2015-12-14T12:25:24+08:00 ] ::1 /Cancer/hospital/index.php/Home/Works/treatmentproposal.css
ERR: 非法操作:treatmentproposal.css

[ 2015-12-14T12:25:27+08:00 ] ::1 /Cancer/hospital/index.php/Home/Works/step1.css
ERR: 非法操作:step1.css

[ 2015-12-14T12:25:27+08:00 ] ::1 /Cancer/hospital/index.php/Home/Works/step4.css
ERR: 非法操作:step4.css

[ 2015-12-14T12:25:27+08:00 ] ::1 /Cancer/hospital/index.php/Home/Works/step2.css
ERR: 非法操作:step2.css

[ 2015-12-14T12:28:27+08:00 ] ::1 /Cancer/hospital/index.php/Home/Works/treatmentproposal.css
ERR: 非法操作:treatmentproposal.css

[ 2015-12-14T12:28:27+08:00 ] ::1 /Cancer/hospital/index.php/Home/Works/step1.css
ERR: 非法操作:step1.css

[ 2015-12-14T12:28:27+08:00 ] ::1 /Cancer/hospital/index.php/Home/Works/step2.css
ERR: 非法操作:step2.css

[ 2015-12-14T12:28:27+08:00 ] ::1 /Cancer/hospital/index.php/Home/Works/step4.css
ERR: 非法操作:step4.css

[ 2015-12-14T12:28:28+08:00 ] ::1 /Cancer/hospital/index.php/Home/Works/treatmentproposal.css
ERR: 非法操作:treatmentproposal.css

[ 2015-12-14T12:28:28+08:00 ] ::1 /Cancer/hospital/index.php/Home/Works/viewreport.css
ERR: 非法操作:viewreport.css

[ 2015-12-14T12:28:43+08:00 ] ::1 /Cancer/hospital/index.php/Home/Works/queryinformation.html
ERR: 非法操作:queryinformation

[ 2015-12-14T12:28:43+08:00 ] ::1 /Cancer/hospital/index.php/Home/Works/queryreferencedata.css
ERR: 非法操作:queryreferencedata.css

[ 2015-12-14T12:28:44+08:00 ] ::1 /Cancer/hospital/index.php/Home/Works/patientconsultation.html
ERR: 非法操作:patientconsultation

[ 2015-12-14T12:28:45+08:00 ] ::1 /Cancer/hospital/index.php/Home/Works/queryreferencedata.css
ERR: 非法操作:queryreferencedata.css

[ 2015-12-14T12:28:48+08:00 ] ::1 /Cancer/hospital/index.php/Home/Works/queryinformation.html
ERR: 非法操作:queryinformation

[ 2015-12-14T12:28:49+08:00 ] ::1 /Cancer/hospital/index.php/Home/Works/viewreport.css
ERR: 非法操作:viewreport.css

[ 2015-12-14T12:28:49+08:00 ] ::1 /Cancer/hospital/index.php/Home/Works/queryinformation.html
ERR: 非法操作:queryinformation

[ 2015-12-14T12:28:50+08:00 ] ::1 /Cancer/hospital/index.php/Home/Works/treatmentproposal.css
ERR: 非法操作:treatmentproposal.css

[ 2015-12-14T12:28:54+08:00 ] ::1 /Cancer/hospital/index.php/Home/Works/step2.css
ERR: 非法操作:step2.css

[ 2015-12-14T12:28:54+08:00 ] ::1 /Cancer/hospital/index.php/Home/Works/step4.css
ERR: 非法操作:step4.css

[ 2015-12-14T12:28:54+08:00 ] ::1 /Cancer/hospital/index.php/Home/Works/step1.css
ERR: 非法操作:step1.css

[ 2015-12-14T12:28:55+08:00 ] ::1 /Cancer/hospital/index.php/Home/Works/treatmentproposal.css
ERR: 非法操作:treatmentproposal.css

[ 2015-12-14T12:28:56+08:00 ] ::1 /Cancer/hospital/index.php/Home/Works/step4.css
ERR: 非法操作:step4.css

[ 2015-12-14T12:28:56+08:00 ] ::1 /Cancer/hospital/index.php/Home/Works/step2.css
ERR: 非法操作:step2.css

[ 2015-12-14T12:28:56+08:00 ] ::1 /Cancer/hospital/index.php/Home/Works/step1.css
ERR: 非法操作:step1.css

