[ 2015-11-10T08:57:07+08:00 ] ::1 /Cancer/hospital/index.php/Home/User/register
ERR: 无法加载控制器:User

[ 2015-11-10T09:07:58+08:00 ] ::1 /Cancer/hospital/index.php/Home/User/checkCode.php
ERR: 非法操作:checkCode.php

[ 2015-11-10T09:08:04+08:00 ] ::1 /Cancer/hospital/index.php/Home/User/checkCode.php?aa=0.1106768104695125
ERR: 非法操作:checkCode.php

[ 2015-11-10T09:08:10+08:00 ] ::1 /Cancer/hospital/index.php/Home/User/register.php
ERR: 非法操作:register.php

[ 2015-11-10T09:08:25+08:00 ] ::1 /Cancer/hospital/index.php/Home/User/checkCode.php?aa=0.08632907335442253
ERR: 非法操作:checkCode.php

[ 2015-11-10T09:08:26+08:00 ] ::1 /Cancer/hospital/index.php/Home/User/checkCode.php?aa=0.13949555067316766
ERR: 非法操作:checkCode.php

[ 2015-11-10T09:08:26+08:00 ] ::1 /Cancer/hospital/index.php/Home/User/checkCode.php?aa=0.12257886879539293
ERR: 非法操作:checkCode.php

[ 2015-11-10T09:08:26+08:00 ] ::1 /Cancer/hospital/index.php/Home/User/checkCode.php?aa=0.5290666482342681
ERR: 非法操作:checkCode.php

[ 2015-11-10T09:10:44+08:00 ] ::1 /Cancer/hospital/index.php/Home/User/checkCode.php
ERR: 非法操作:checkCode.php

[ 2015-11-10T09:10:46+08:00 ] ::1 /Cancer/hospital/index.php/Home/User/checkCode.php
ERR: 非法操作:checkCode.php

[ 2015-11-10T10:06:15+08:00 ] ::1 /Cancer/hospital/index.php/Home/Index/index.html
ERR: Unkown resource type 'e="text/css">*{ padding'

[ 2015-11-10T10:07:40+08:00 ] ::1 /Cancer/hospital/index.php/Home/Index/index.html
ERR: Unkown resource type 'e="text/css">*{ padding'

[ 2015-11-10T10:33:00+08:00 ] ::1 /Cancer/hospital/index.php/Home/Index/medicalrecordmanagement.php
ERR: 非法操作:medicalrecordmanagement.php

[ 2015-11-10T10:33:00+08:00 ] ::1 /Cancer/hospital/index.php/Home/Indexhead.html
ERR: 无法加载控制器:Indexhead

[ 2015-11-10T10:33:17+08:00 ] ::1 /Cancer/hospital/index.php/Home/Indexhead.html
ERR: 无法加载控制器:Indexhead

[ 2015-11-10T10:51:23+08:00 ] ::1 /Cancer/hospital/index.php/Home/Index/medicalrecordmanagement.html
ERR: 非法操作:medicalrecordmanagement

[ 2015-11-10T10:52:15+08:00 ] ::1 /Cancer/hospital/index.php/Home/Index/medicalrecordmanagement.html
ERR: 模板不存在:D:/xampp/htdocs/Cancer/hospital/Home/View/Index/medicalrecordmanagement.html

[ 2015-11-10T10:58:41+08:00 ] ::1 /Cancer/hospital/index.php/Home/Index/workflow_upload.php
ERR: 非法操作:workflow_upload.php

[ 2015-11-10T10:58:42+08:00 ] ::1 /Cancer/hospital/index.php/Home/Index/medicalrecordmanagement.php
ERR: 非法操作:medicalrecordmanagement.php

[ 2015-11-10T10:58:43+08:00 ] ::1 /Cancer/hospital/index.php/Home/Index/workflow_upload.php
ERR: 非法操作:workflow_upload.php

[ 2015-11-10T10:58:43+08:00 ] ::1 /Cancer/hospital/index.php/Home/Index/treatmentproposal.php
ERR: 非法操作:treatmentproposal.php

[ 2015-11-10T10:58:44+08:00 ] ::1 /Cancer/hospital/index.php/Home/Index/viewreport.php
ERR: 非法操作:viewreport.php

[ 2015-11-10T10:58:44+08:00 ] ::1 /Cancer/hospital/index.php/Home/Index/queryinformation.php
ERR: 非法操作:queryinformation.php

[ 2015-11-10T10:58:45+08:00 ] ::1 /Cancer/hospital/index.php/Home/Index/queryreferencedata.php
ERR: 非法操作:queryreferencedata.php

[ 2015-11-10T10:58:45+08:00 ] ::1 /Cancer/hospital/index.php/Home/Index/patientconsultation.php
ERR: 非法操作:patientconsultation.php

[ 2015-11-10T10:58:46+08:00 ] ::1 /Cancer/hospital/index.php/Home/Index/queryreferencedata.php
ERR: 非法操作:queryreferencedata.php

[ 2015-11-10T10:58:46+08:00 ] ::1 /Cancer/hospital/index.php/Home/Index/queryinformation.php
ERR: 非法操作:queryinformation.php

[ 2015-11-10T10:58:47+08:00 ] ::1 /Cancer/hospital/index.php/Home/Index/viewreport.php
ERR: 非法操作:viewreport.php

[ 2015-11-10T10:58:47+08:00 ] ::1 /Cancer/hospital/index.php/Home/Index/treatmentproposal.php
ERR: 非法操作:treatmentproposal.php

[ 2015-11-10T10:58:47+08:00 ] ::1 /Cancer/hospital/index.php/Home/Index/workflow_upload.php
ERR: 非法操作:workflow_upload.php

[ 2015-11-10T10:58:48+08:00 ] ::1 /Cancer/hospital/index.php/Home/Index/medicalrecordmanagement.php
ERR: 非法操作:medicalrecordmanagement.php

[ 2015-11-10T12:20:07+08:00 ] ::1 /Cancer/hospital/index.php/Home/Index/workflow_upload.php
ERR: 非法操作:workflow_upload.php

[ 2015-11-10T13:19:13+08:00 ] ::1 /Cancer/hospital/index.php/Home/User/checkNM/namezhoushuiai
ERR: 参数错误或者未定义:name

[ 2015-11-10T14:31:49+08:00 ] ::1 /Cancer/hospital/index.php/Home/User/checkNM/name/
ERR: 参数错误或者未定义:name

[ 2015-11-10T14:33:42+08:00 ] ::1 /Cancer/hospital/index.php/Home/User/checkNM/name/
ERR: 参数错误或者未定义:name

[ 2015-11-10T14:36:12+08:00 ] ::1 /Cancer/hospital/index.php/Home/User/checkNM/name/
ERR: 参数错误或者未定义:name

[ 2015-11-10T14:37:47+08:00 ] ::1 /Cancer/hospital/index.php/Home/User/%7B$smarty.const.__CONTROLLER__%7D/checkNM/name/zhoushuai
ERR: 非法操作:{$smarty.const.__CONTROLLER__}

[ 2015-11-10T14:38:02+08:00 ] ::1 /Cancer/hospital/index.php/Home/User/checkNM/name/
ERR: 参数错误或者未定义:name

[ 2015-11-10T14:38:22+08:00 ] ::1 /Cancer/hospital/index.php/Home/User/checkNM/name/
ERR: 参数错误或者未定义:name

[ 2015-11-10T14:39:27+08:00 ] ::1 /Cancer/hospital/index.php/Home/User/JS_URLregister.js
ERR: 非法操作:JS_URLregister.js

[ 2015-11-10T14:39:27+08:00 ] ::1 /Cancer/hospital/index.php/Home/User/CSS_URLstyle.css
ERR: 非法操作:CSS_URLstyle.css

[ 2015-11-10T14:40:28+08:00 ] ::1 /Cancer/hospital/index.php/Home/User/%7B$smarty.const.__CONTROLLER__%7D/checkNM/name/zhoushuai
ERR: 非法操作:{$smarty.const.__CONTROLLER__}

[ 2015-11-10T14:50:19+08:00 ] ::1 /Cancer/hospital/index.php/Home/User/checkNM/name/
ERR: 参数错误或者未定义:name

[ 2015-11-10T14:50:26+08:00 ] ::1 /Cancer/hospital/index.php/Home/User/checkEM/email/
ERR: 参数错误或者未定义:email

[ 2015-11-10T14:50:33+08:00 ] ::1 /Cancer/hospital/index.php/Home/User/checkEM/email/
ERR: 参数错误或者未定义:email

[ 2015-11-10T14:50:41+08:00 ] ::1 /Cancer/hospital/index.php/Home/User/checkEM/email/
ERR: 参数错误或者未定义:email

[ 2015-11-10T14:51:42+08:00 ] ::1 /Cancer/hospital/index.php/Home/User/checkEM/name/xiaoli@163.com
ERR: 参数错误或者未定义:email

[ 2015-11-10T14:52:42+08:00 ] ::1 /Cancer/hospital/index.php/Home/User/checkEM/name/xiaoli@163.com
ERR: 参数错误或者未定义:email

[ 2015-11-10T14:54:05+08:00 ] ::1 /Cancer/hospital/index.php/Home/User/checkEM/name/tom@163.com
ERR: 参数错误或者未定义:email

[ 2015-11-10T14:56:04+08:00 ] ::1 /Cancer/hospital/index.php/Home/User/checkEM/name/tom@163.com
ERR: 参数错误或者未定义:email

[ 2015-11-10T14:57:14+08:00 ] ::1 /Cancer/hospital/index.php/Home/User/checkEM/name/sd
ERR: 参数错误或者未定义:email

[ 2015-11-10T14:57:42+08:00 ] ::1 /Cancer/hospital/index.php/Home/User/checkEM/name/
ERR: 参数错误或者未定义:email

[ 2015-11-10T14:57:46+08:00 ] ::1 /Cancer/hospital/index.php/Home/User/checkEM/name/
ERR: 参数错误或者未定义:email

[ 2015-11-10T14:58:42+08:00 ] ::1 /Cancer/hospital/index.php/Home/User/checkEM/name/tom@163.com
ERR: 参数错误或者未定义:email

[ 2015-11-10T15:01:55+08:00 ] ::1 /Cancer/hospital/index.php/Home/User/checkEM/name/2
ERR: 参数错误或者未定义:email

[ 2015-11-10T15:04:33+08:00 ] ::1 /Cancer/hospital/index.php/Home/User/checkEM/name/asd
ERR: 参数错误或者未定义:email

[ 2015-11-10T15:08:29+08:00 ] ::1 /Cancer/hospital/index.php/Home/User/checkEM/name/sd
ERR: 参数错误或者未定义:email

[ 2015-11-10T15:13:08+08:00 ] 192.168.0.166 /cancer/hospital/index.php/Home/Index/medicalrecordmanagement.php
ERR: 非法操作:medicalrecordmanagement.php

[ 2015-11-10T15:14:13+08:00 ] 192.168.0.166 /cancer/hospital/index.php/Home/Index/medicalrecordmanagement.php
ERR: 非法操作:medicalrecordmanagement.php

[ 2015-11-10T15:14:16+08:00 ] 192.168.0.166 /cancer/hospital/index.php/Home/Index/workflow_upload.php
ERR: 非法操作:workflow_upload.php

[ 2015-11-10T15:14:17+08:00 ] 192.168.0.166 /cancer/hospital/index.php/Home/Index/treatmentproposal.php
ERR: 非法操作:treatmentproposal.php

[ 2015-11-10T15:14:17+08:00 ] 192.168.0.166 /cancer/hospital/index.php/Home/Index/viewreport.php
ERR: 非法操作:viewreport.php

[ 2015-11-10T15:14:18+08:00 ] 192.168.0.166 /cancer/hospital/index.php/Home/Index/queryinformation.php
ERR: 非法操作:queryinformation.php

[ 2015-11-10T15:14:19+08:00 ] 192.168.0.166 /cancer/hospital/index.php/Home/Index/queryreferencedata.php
ERR: 非法操作:queryreferencedata.php

[ 2015-11-10T15:14:19+08:00 ] 192.168.0.166 /cancer/hospital/index.php/Home/Index/patientconsultation.php
ERR: 非法操作:patientconsultation.php

[ 2015-11-10T15:14:20+08:00 ] 192.168.0.166 /cancer/hospital/index.php/Home/Index/medicalrecordmanagement.php
ERR: 非法操作:medicalrecordmanagement.php

[ 2015-11-10T15:39:32+08:00 ] ::1 /Cancer/hospital/index.php/Admin/User/register.html
ERR: 无法加载控制器:User

[ 2015-11-10T15:45:00+08:00 ] ::1 /Cancer/hospital/index.php/Home/Index/workflow_upload.php
ERR: 非法操作:workflow_upload.php

[ 2015-11-10T15:45:02+08:00 ] ::1 /Cancer/hospital/index.php/Home/Index/treatmentproposal.php
ERR: 非法操作:treatmentproposal.php

[ 2015-11-10T15:45:04+08:00 ] ::1 /Cancer/hospital/index.php/Home/Index/medicalrecordmanagement.php
ERR: 非法操作:medicalrecordmanagement.php

[ 2015-11-10T15:46:30+08:00 ] ::1 /Cancer/hospital/index.php/Admin/Genes/biomarker_search.php
ERR: 非法操作:biomarker_search.php

[ 2015-11-10T15:55:43+08:00 ] ::1 /Cancer/hospital/index.php/Home/User/checkEM/name/zho
ERR: 参数错误或者未定义:email

[ 2015-11-10T15:55:53+08:00 ] ::1 /Cancer/hospital/index.php/Home/User/checkEM/name/zho
ERR: 参数错误或者未定义:email

[ 2015-11-10T17:13:08+08:00 ] ::1 /Cancer/hospital/index.php/Home/User/checkEM/name/188
ERR: 参数错误或者未定义:email

[ 2015-11-10T17:16:20+08:00 ] ::1 /Cancer/hospital/index.php/Home/User/checkEmail/name/188
ERR: 参数错误或者未定义:email

[ 2015-11-10T17:16:32+08:00 ] ::1 /Cancer/hospital/index.php/Home/User/checkEmail/188
ERR: 参数错误或者未定义:email

[ 2015-11-10T17:19:33+08:00 ] ::1 /Cancer/hospital/index.php/Home/User/checkEmail?q=188
ERR: 参数错误或者未定义:email

[ 2015-11-10T17:20:46+08:00 ] ::1 /Cancer/hospital/index.php/Home/User/checkNM/q/zhoushuai
ERR: 参数错误或者未定义:name

[ 2015-11-10T17:58:13+08:00 ] ::1 /Cancer/hospital/index.php/Home/User/checkPhone/phone/
ERR: 参数错误或者未定义:phone

[ 2015-11-10T17:59:10+08:00 ] ::1 /Cancer/hospital/index.php/Home/User/checkPhone/phone/
ERR: 参数错误或者未定义:phone

[ 2015-11-10T17:59:38+08:00 ] ::1 /Cancer/hospital/index.php/Home/User/checkEmail/email/
ERR: 参数错误或者未定义:email

[ 2015-11-10T18:01:49+08:00 ] ::1 /Cancer/hospital/index.php/Home/User/checkNM/name/
ERR: 参数错误或者未定义:name

[ 2015-11-10T18:02:10+08:00 ] ::1 /Cancer/hospital/index.php/Home/User/checkNM/name/
ERR: 参数错误或者未定义:name

[ 2015-11-10T18:07:38+08:00 ] ::1 /Cancer/hospital/index.php/Home/User/checkNM/name/
ERR: 参数错误或者未定义:name

[ 2015-11-10T18:27:00+08:00 ] ::1 /Cancer/hospital/index.php/Admin/User/register/
ERR: 无法加载控制器:User

[ 2015-11-10T18:28:41+08:00 ] ::1 /Cancer/hospital/index.php/Home/User/checkEmail/email/
ERR: 参数错误或者未定义:email

[ 2015-11-10T20:25:55+08:00 ] ::1 /Cancer/hospital/index.php/Admin/Genes/xiugai/goods_id/
ERR: 非法操作:xiugai

[ 2015-11-10T20:48:02+08:00 ] ::1 /Cancer/hospital/index.php/Admin/Genes/xiugai/goods_id/
ERR: 非法操作:xiugai

