[ 2015-11-17T08:59:01+08:00 ] ::1 /Cancer/hospital/index.php/Home/User/login
ERR: Think\Controller:diaplay方法不存在！

[ 2015-11-17T08:59:32+08:00 ] ::1 /Cancer/hospital/index.php/Home/User/Index/index.html?username=tom
ERR: 非法操作:Index

[ 2015-11-17T09:02:54+08:00 ] ::1 /Cancer/hospital/index.php/Home/Manager/login.html
ERR: 无法加载控制器:Manager

[ 2015-11-17T09:14:44+08:00 ] ::1 /Cancer/hospital/index.php/Home/Manager/login.html
ERR: 无法加载控制器:Manager

[ 2015-11-17T09:43:03+08:00 ] ::1 /Cancer/hospital/index.php/Home/Works/step1.css
ERR: 非法操作:step1.css

[ 2015-11-17T09:43:03+08:00 ] ::1 /Cancer/hospital/index.php/Home/Works/step4.css
ERR: 非法操作:step4.css

[ 2015-11-17T09:43:03+08:00 ] ::1 /Cancer/hospital/index.php/Home/Works/step2.css
ERR: 非法操作:step2.css

[ 2015-11-17T09:43:03+08:00 ] ::1 /Cancer/hospital/index.php/Home/Works/step1.css
ERR: 非法操作:step1.css

[ 2015-11-17T09:43:03+08:00 ] ::1 /Cancer/hospital/index.php/Home/Works/step2.css
ERR: 非法操作:step2.css

[ 2015-11-17T09:43:03+08:00 ] ::1 /Cancer/hospital/index.php/Home/Works/step4.css
ERR: 非法操作:step4.css

[ 2015-11-17T09:43:05+08:00 ] ::1 /Cancer/hospital/index.php/Home/Works/treatmentproposal.css
ERR: 非法操作:treatmentproposal.css

[ 2015-11-17T09:43:05+08:00 ] ::1 /Cancer/hospital/index.php/Home/Works/viewreport.css
ERR: 非法操作:viewreport.css

[ 2015-11-17T09:43:06+08:00 ] ::1 /Cancer/hospital/index.php/Home/Works/queryinformation.html
ERR: 非法操作:queryinformation

[ 2015-11-17T09:43:07+08:00 ] ::1 /Cancer/hospital/index.php/Home/Works/queryreferencedata.css
ERR: 非法操作:queryreferencedata.css

[ 2015-11-17T10:18:15+08:00 ] ::1 /Cancer/hospital/index.php/Home/User/login.php?error=1
ERR: 非法操作:login.php

[ 2015-11-17T10:29:58+08:00 ] ::1 /Cancer/hospital/index.php/Home/Works/step1.css
ERR: 非法操作:step1.css

[ 2015-11-17T10:29:58+08:00 ] ::1 /Cancer/hospital/index.php/Home/Works/step2.css
ERR: 非法操作:step2.css

[ 2015-11-17T10:29:58+08:00 ] ::1 /Cancer/hospital/index.php/Home/Works/step4.css
ERR: 非法操作:step4.css

[ 2015-11-17T10:29:58+08:00 ] ::1 /Cancer/hospital/index.php/Home/Works/step4.css
ERR: 非法操作:step4.css

[ 2015-11-17T10:30:00+08:00 ] ::1 /Cancer/hospital/index.php/Home/Works/step1.css
ERR: 非法操作:step1.css

[ 2015-11-17T10:30:00+08:00 ] ::1 /Cancer/hospital/index.php/Home/Works/step2.css
ERR: 非法操作:step2.css

[ 2015-11-17T10:30:00+08:00 ] ::1 /Cancer/hospital/index.php/Home/Works/step4.css
ERR: 非法操作:step4.css

[ 2015-11-17T10:30:01+08:00 ] ::1 /Cancer/hospital/index.php/Home/Works/treatmentproposal.css
ERR: 非法操作:treatmentproposal.css

[ 2015-11-17T10:30:02+08:00 ] ::1 /Cancer/hospital/index.php/Home/Works/viewreport.css
ERR: 非法操作:viewreport.css

[ 2015-11-17T10:30:03+08:00 ] ::1 /Cancer/hospital/index.php/Home/Works/queryinformation.html
ERR: 非法操作:queryinformation

[ 2015-11-17T10:30:04+08:00 ] ::1 /Cancer/hospital/index.php/Home/Works/queryreferencedata.css
ERR: 非法操作:queryreferencedata.css

[ 2015-11-17T10:30:04+08:00 ] ::1 /Cancer/hospital/index.php/Home/Works/patientconsultation.html
ERR: 非法操作:patientconsultation

[ 2015-11-17T11:35:45+08:00 ] ::1 /Cancer/hospital/index.php/Home/Works/patientconsultation.html
ERR: 非法操作:patientconsultation

[ 2015-11-17T11:35:46+08:00 ] ::1 /Cancer/hospital/index.php/Home/Works/queryreferencedata.css
ERR: 非法操作:queryreferencedata.css

[ 2015-11-17T11:35:46+08:00 ] ::1 /Cancer/hospital/index.php/Home/Works/queryinformation.html
ERR: 非法操作:queryinformation

[ 2015-11-17T11:35:46+08:00 ] ::1 /Cancer/hospital/index.php/Home/Works/viewreport.css
ERR: 非法操作:viewreport.css

[ 2015-11-17T11:35:46+08:00 ] ::1 /Cancer/hospital/index.php/Home/Works/treatmentproposal.css
ERR: 非法操作:treatmentproposal.css

[ 2015-11-17T11:35:47+08:00 ] ::1 /Cancer/hospital/index.php/Home/Works/step1.css
ERR: 非法操作:step1.css

[ 2015-11-17T11:35:47+08:00 ] ::1 /Cancer/hospital/index.php/Home/Works/step2.css
ERR: 非法操作:step2.css

[ 2015-11-17T11:35:47+08:00 ] ::1 /Cancer/hospital/index.php/Home/Works/step4.css
ERR: 非法操作:step4.css

[ 2015-11-17T11:35:47+08:00 ] ::1 /Cancer/hospital/index.php/Home/Works/step4.css
ERR: 非法操作:step4.css

[ 2015-11-17T11:35:47+08:00 ] ::1 /Cancer/hospital/index.php/Home/Works/step1.css
ERR: 非法操作:step1.css

[ 2015-11-17T11:35:47+08:00 ] ::1 /Cancer/hospital/index.php/Home/Works/step2.css
ERR: 非法操作:step2.css

[ 2015-11-17T11:35:47+08:00 ] ::1 /Cancer/hospital/index.php/Home/Works/step4.css
ERR: 非法操作:step4.css

[ 2015-11-17T11:35:49+08:00 ] ::1 /Cancer/hospital/index.php/Home/Works/step2.css
ERR: 非法操作:step2.css

[ 2015-11-17T11:35:49+08:00 ] ::1 /Cancer/hospital/index.php/Home/Works/step4.css
ERR: 非法操作:step4.css

[ 2015-11-17T11:35:49+08:00 ] ::1 /Cancer/hospital/index.php/Home/Works/step1.css
ERR: 非法操作:step1.css

[ 2015-11-17T11:35:50+08:00 ] ::1 /Cancer/hospital/index.php/Home/Works/step1.css
ERR: 非法操作:step1.css

[ 2015-11-17T11:35:50+08:00 ] ::1 /Cancer/hospital/index.php/Home/Works/step2.css
ERR: 非法操作:step2.css

[ 2015-11-17T11:35:50+08:00 ] ::1 /Cancer/hospital/index.php/Home/Works/step4.css
ERR: 非法操作:step4.css

[ 2015-11-17T11:35:50+08:00 ] ::1 /Cancer/hospital/index.php/Home/Works/treatmentproposal.css
ERR: 非法操作:treatmentproposal.css

[ 2015-11-17T11:35:50+08:00 ] ::1 /Cancer/hospital/index.php/Home/Works/viewreport.css
ERR: 非法操作:viewreport.css

[ 2015-11-17T11:35:50+08:00 ] ::1 /Cancer/hospital/index.php/Home/Works/queryinformation.html
ERR: 非法操作:queryinformation

[ 2015-11-17T11:35:50+08:00 ] ::1 /Cancer/hospital/index.php/Home/Works/queryreferencedata.css
ERR: 非法操作:queryreferencedata.css

[ 2015-11-17T11:35:51+08:00 ] ::1 /Cancer/hospital/index.php/Home/Works/patientconsultation.html
ERR: 非法操作:patientconsultation

[ 2015-11-17T11:40:50+08:00 ] ::1 /Cancer/hospital/index.php/Home/Indx/
ERR: 无法加载控制器:Indx

[ 2015-11-17T11:45:14+08:00 ] ::1 /Cancer/hospital/index.php/Home/Indx/
ERR: 无法加载控制器:Indx

[ 2015-11-17T11:45:25+08:00 ] ::1 /Cancer/hospital/index.php/Home/Indx/
ERR: 无法加载控制器:Indx

[ 2015-11-17T11:49:06+08:00 ] ::1 /Cancer/hospital/index.php/Home/Works/step1.css
ERR: 非法操作:step1.css

[ 2015-11-17T11:49:06+08:00 ] ::1 /Cancer/hospital/index.php/Home/Works/step4.css
ERR: 非法操作:step4.css

[ 2015-11-17T11:49:06+08:00 ] ::1 /Cancer/hospital/index.php/Home/Works/step2.css
ERR: 非法操作:step2.css

[ 2015-11-17T11:49:06+08:00 ] ::1 /Cancer/hospital/index.php/Home/Works/step4.css
ERR: 非法操作:step4.css

[ 2015-11-17T12:00:29+08:00 ] ::1 /Cancer/hospital/index.php/Home/Works/step1.css
ERR: 非法操作:step1.css

[ 2015-11-17T12:00:29+08:00 ] ::1 /Cancer/hospital/index.php/Home/Works/step2.css
ERR: 非法操作:step2.css

[ 2015-11-17T12:00:29+08:00 ] ::1 /Cancer/hospital/index.php/Home/Works/step4.css
ERR: 非法操作:step4.css

[ 2015-11-17T12:00:30+08:00 ] ::1 /Cancer/hospital/index.php/Home/Works/treatmentproposal.css
ERR: 非法操作:treatmentproposal.css

[ 2015-11-17T12:00:31+08:00 ] ::1 /Cancer/hospital/index.php/Home/Works/viewreport.css
ERR: 非法操作:viewreport.css

[ 2015-11-17T12:00:31+08:00 ] ::1 /Cancer/hospital/index.php/Home/Works/queryinformation.html
ERR: 非法操作:queryinformation

[ 2015-11-17T12:00:32+08:00 ] ::1 /Cancer/hospital/index.php/Home/Works/queryreferencedata.css
ERR: 非法操作:queryreferencedata.css

[ 2015-11-17T12:00:33+08:00 ] ::1 /Cancer/hospital/index.php/Home/Works/patientconsultation.html
ERR: 非法操作:patientconsultation

[ 2015-11-17T12:13:59+08:00 ] ::1 /Cancer/hospital/index.php/Home/User/login.php
ERR: 非法操作:login.php

[ 2015-11-17T12:34:11+08:00 ] ::1 /Cancer/hospital/index.php/Home/Works/step4.css
ERR: 非法操作:step4.css

[ 2015-11-17T12:34:11+08:00 ] ::1 /Cancer/hospital/index.php/Home/Works/step1.css
ERR: 非法操作:step1.css

[ 2015-11-17T12:34:11+08:00 ] ::1 /Cancer/hospital/index.php/Home/Works/step2.css
ERR: 非法操作:step2.css

[ 2015-11-17T12:34:11+08:00 ] ::1 /Cancer/hospital/index.php/Home/Works/step4.css
ERR: 非法操作:step4.css

[ 2015-11-17T12:34:12+08:00 ] ::1 /Cancer/hospital/index.php/Home/Works/viewreport.css
ERR: 非法操作:viewreport.css

[ 2015-11-17T12:34:13+08:00 ] ::1 /Cancer/hospital/index.php/Home/Works/treatmentproposal.css
ERR: 非法操作:treatmentproposal.css

[ 2015-11-17T12:34:14+08:00 ] ::1 /Cancer/hospital/index.php/Home/Works/viewreport.css
ERR: 非法操作:viewreport.css

[ 2015-11-17T13:56:16+08:00 ] ::1 /Cancer/hospital/index.php/Home/Works/step1.css
ERR: 非法操作:step1.css

[ 2015-11-17T13:56:16+08:00 ] ::1 /Cancer/hospital/index.php/Home/Works/step2.css
ERR: 非法操作:step2.css

[ 2015-11-17T13:56:16+08:00 ] ::1 /Cancer/hospital/index.php/Home/Works/step4.css
ERR: 非法操作:step4.css

[ 2015-11-17T13:56:34+08:00 ] ::1 /Cancer/hospital/index.php/Home/Works/queryinformation.html
ERR: 非法操作:queryinformation

[ 2015-11-17T13:56:34+08:00 ] ::1 /Cancer/hospital/index.php/Home/Works/queryreferencedata.css
ERR: 非法操作:queryreferencedata.css

[ 2015-11-17T13:56:35+08:00 ] ::1 /Cancer/hospital/index.php/Home/Works/patientconsultation.html
ERR: 非法操作:patientconsultation

[ 2015-11-17T13:58:28+08:00 ] ::1 /Cancer/hospital/index.php/Home/Works/step1.css
ERR: 非法操作:step1.css

[ 2015-11-17T13:58:28+08:00 ] ::1 /Cancer/hospital/index.php/Home/Works/step2.css
ERR: 非法操作:step2.css

[ 2015-11-17T13:58:28+08:00 ] ::1 /Cancer/hospital/index.php/Home/Works/step4.css
ERR: 非法操作:step4.css

[ 2015-11-17T13:58:30+08:00 ] ::1 /Cancer/hospital/index.php/Home/Works/step4.css
ERR: 非法操作:step4.css

[ 2015-11-17T13:58:30+08:00 ] ::1 /Cancer/hospital/index.php/Home/Works/step2.css
ERR: 非法操作:step2.css

[ 2015-11-17T13:58:30+08:00 ] ::1 /Cancer/hospital/index.php/Home/Works/step1.css
ERR: 非法操作:step1.css

